#
# A fatal error has been detected by the Java Runtime Environment:
#
#  SIGBUS (0xa) at pc=0x000000014f5354e4, pid=1594, tid=6659
#
# JRE version: OpenJDK Runtime Environment Temurin-17.0.7+7 (17.0.7+7) (build 17.0.7+7)
# Java VM: OpenJDK 64-Bit Server VM Temurin-17.0.7+7 (17.0.7+7, mixed mode, tiered, compressed oops, compressed class ptrs, g1 gc, bsd-aarch64)
# Problematic frame:
# v  ~StubRoutines::SafeFetch32
#
# No core dump will be written. Core dumps have been disabled. To enable core dumping, try "ulimit -c unlimited" before starting Java again
#
# JFR recording file will be written. Location: /Users/leeyoungjun/IdeaProjects/gachaV2/hs_err_pid1594.jfr
#
# If you would like to submit a bug report, please visit:
#   https://github.com/adoptium/adoptium-support/issues
#

---------------  S U M M A R Y ------------

Command Line: -ea -Didea.test.cyclic.buffer.size=1048576 -javaagent:/Applications/IntelliJ IDEA.app/Contents/lib/idea_rt.jar=49742:/Applications/IntelliJ IDEA.app/Contents/bin -agentpath:/private/var/folders/2z/clzx_g453jsdhth2xpd940_80000gn/T/libasyncProfiler.so=start,jfr,event=cpu,interval=10ms,jfrsync=profile,cstack=no,file=/Users/leeyoungjun/IdeaSnapshots/MainTest_2023_07_04_151926.jfr,log=/private/var/folders/2z/clzx_g453jsdhth2xpd940_80000gn/T/MainTest_2023_07_04_151926.jfr.log.txt,logLevel=DEBUG -Dfile.encoding=UTF-8 com.intellij.rt.junit.JUnitStarter -ideVersion5 -junit5 opm.construct.MainTest

Host: "MacBookAir10,1" arm64, 8 cores, 16G, Darwin 20.6.0, macOS 11.6 (20G165)
Time: Tue Jul  4 15:19:27 2023 KST elapsed time: 1.070514 seconds (0d 0h 0m 1s)

---------------  T H R E A D  ---------------

Current thread (0x0000000124ac9e00):  JavaThread "main" [_thread_in_Java, id=6659, stack(0x000000016d17c000,0x000000016d37f000)]

Stack: [0x000000016d17c000,0x000000016d37f000],  sp=0x000000016d379dc0,  free space=2039k
Native frames: (J=compiled Java code, j=interpreted, Vv=VM code, C=native code)
v  ~StubRoutines::SafeFetch32
V  [libjvm.dylib+0x7c7460]  os::is_readable_range(void const*, void const*)+0x2c
V  [libjvm.dylib+0x77426c]  Method::is_valid_method(Method const*)+0x38
V  [libjvm.dylib+0x361558]  frame::is_interpreted_frame_valid(JavaThread*) const+0x7c
V  [libjvm.dylib+0x361434]  frame::safe_for_sender(JavaThread*)+0x4ec
V  [libjvm.dylib+0x9bdebc]  JavaThread::pd_get_top_frame(frame*, void*, bool)+0x200
V  [libjvm.dylib+0x35e178]  AsyncGetCallTrace+0x1b0
C  [libasyncProfiler.so+0x3ac54]  Profiler::getJavaTraceAsync(void*, ASGCT_CallFrame*, int, StackContext*)+0x15c
C  [libasyncProfiler.so+0x3bd04]  Profiler::recordSampleForThread(int, void*, unsigned long long, int, Event*, int*)+0x1c4
C  [libasyncProfiler.so+0x4a03c]  WallClock::signalHandler(int, __siginfo*, void*)+0xa8
C  [libsystem_platform.dylib+0x3c44]  _sigtramp+0x38
C  0x664b00014f539e68
j  java.util.zip.ZipFile.getEntry(Ljava/lang/String;)Ljava/util/zip/ZipEntry;+41 java.base@17.0.7
j  java.util.jar.JarFile.getEntry(Ljava/lang/String;)Ljava/util/zip/ZipEntry;+31 java.base@17.0.7
j  java.util.jar.JarFile.getJarEntry(Ljava/lang/String;)Ljava/util/jar/JarEntry;+2 java.base@17.0.7
j  jdk.internal.loader.URLClassPath$JarLoader.getResource(Ljava/lang/String;Z)Ljdk/internal/loader/Resource;+22 java.base@17.0.7
j  jdk.internal.loader.URLClassPath.getResource(Ljava/lang/String;Z)Ljdk/internal/loader/Resource;+53 java.base@17.0.7
j  jdk.internal.loader.BuiltinClassLoader.findClassOnClassPathOrNull(Ljava/lang/String;)Ljava/lang/Class;+26 java.base@17.0.7
j  jdk.internal.loader.BuiltinClassLoader.loadClassOrNull(Ljava/lang/String;Z)Ljava/lang/Class;+111 java.base@17.0.7
j  jdk.internal.loader.BuiltinClassLoader.loadClass(Ljava/lang/String;Z)Ljava/lang/Class;+3 java.base@17.0.7
j  jdk.internal.loader.ClassLoaders$AppClassLoader.loadClass(Ljava/lang/String;Z)Ljava/lang/Class;+36 java.base@17.0.7
j  java.lang.ClassLoader.loadClass(Ljava/lang/String;)Ljava/lang/Class;+3 java.base@17.0.7
v  ~StubRoutines::call_stub
V  [libjvm.dylib+0x470c70]  JavaCalls::call_helper(JavaValue*, methodHandle const&, JavaCallArguments*, JavaThread*)+0x38c
V  [libjvm.dylib+0x46fc8c]  JavaCalls::call_virtual(JavaValue*, Klass*, Symbol*, Symbol*, JavaCallArguments*, JavaThread*)+0x11c
V  [libjvm.dylib+0x46fde8]  JavaCalls::call_virtual(JavaValue*, Handle, Klass*, Symbol*, Symbol*, Handle, JavaThread*)+0x68
V  [libjvm.dylib+0x97bd18]  SystemDictionary::load_instance_class_impl(Symbol*, Handle, JavaThread*)+0xf8
V  [libjvm.dylib+0x97a7dc]  SystemDictionary::load_instance_class(unsigned int, Symbol*, Handle, JavaThread*)+0x30
V  [libjvm.dylib+0x979ee8]  SystemDictionary::resolve_instance_class_or_null(Symbol*, Handle, Handle, JavaThread*)+0x4dc
V  [libjvm.dylib+0x9794d4]  SystemDictionary::resolve_or_fail(Symbol*, Handle, Handle, bool, JavaThread*)+0x80
V  [libjvm.dylib+0x9fccd8]  VerificationType::resolve_and_check_assignability(InstanceKlass*, Symbol*, Symbol*, bool, bool, bool, JavaThread*)+0x170
V  [libjvm.dylib+0xa09730]  ClassVerifier::verify_invoke_instructions(RawBytecodeStream*, unsigned int, StackMapFrame*, bool, bool*, VerificationType, constantPoolHandle const&, StackMapTable*, JavaThread*)+0x5c4
V  [libjvm.dylib+0xa003f8]  ClassVerifier::verify_method(methodHandle const&, JavaThread*)+0x7e8
V  [libjvm.dylib+0x9fe36c]  ClassVerifier::verify_class(JavaThread*)+0x114
V  [libjvm.dylib+0x9fdd6c]  Verifier::verify(InstanceKlass*, bool, JavaThread*)+0x318
V  [libjvm.dylib+0x44f5ac]  InstanceKlass::link_class_impl(JavaThread*)+0x2d0
V  [libjvm.dylib+0x44f884]  InstanceKlass::initialize_impl(JavaThread*)+0x58
V  [libjvm.dylib+0x690894]  LinkResolver::resolve_static_call(CallInfo&, LinkInfo const&, bool, JavaThread*)+0x78
V  [libjvm.dylib+0x6927cc]  LinkResolver::resolve_invoke(CallInfo&, Handle, constantPoolHandle const&, int, Bytecodes::Code, JavaThread*)+0xac
V  [libjvm.dylib+0x469c68]  InterpreterRuntime::resolve_invoke(JavaThread*, Bytecodes::Code)+0x298
V  [libjvm.dylib+0x46a240]  InterpreterRuntime::resolve_from_cache(JavaThread*, Bytecodes::Code)+0x98
j  com.intellij.junit5.JUnit5IdeaTestRunner.createListeners(Ljava/util/ArrayList;I)V+42
j  com.intellij.rt.junit.IdeaTestRunner$Repeater.startRunnerWithArgs(Lcom/intellij/rt/junit/IdeaTestRunner;[Ljava/lang/String;Ljava/util/ArrayList;Ljava/lang/String;IZ)I+4
j  com.intellij.rt.junit.JUnitStarter.prepareStreamsAndStart([Ljava/lang/String;Ljava/lang/String;Ljava/util/ArrayList;Ljava/lang/String;)I+117
j  com.intellij.rt.junit.JUnitStarter.main([Ljava/lang/String;)V+97
v  ~StubRoutines::call_stub
V  [libjvm.dylib+0x470c70]  JavaCalls::call_helper(JavaValue*, methodHandle const&, JavaCallArguments*, JavaThread*)+0x38c
V  [libjvm.dylib+0x4d5e40]  jni_invoke_static(JNIEnv_*, JavaValue*, _jobject*, JNICallType, _jmethodID*, JNI_ArgumentPusher*, JavaThread*)+0x12c
V  [libjvm.dylib+0x4d946c]  jni_CallStaticVoidMethod+0x130
C  [libjli.dylib+0x54ac]  JavaMain+0x9d4
C  [libjli.dylib+0x77f4]  ThreadJavaMain+0xc
C  [libsystem_pthread.dylib+0x7878]  _pthread_start+0x140


siginfo: si_signo: 10 (SIGBUS), si_code: 1 (BUS_ADRALN), si_addr: 0x000000014f5354e4

Register to memory mapping:

 x0=0x000000015748f000 is pointing into metadata
 x1=0x00000000cafebabe is an unknown value
 x2=0x000000016d379f28 is pointing into the stack for thread: 0x0000000124ac9e00
 x3=0x0000000000000001 is an unknown value
 x4=0x000000016d37a100 is pointing into the stack for thread: 0x0000000124ac9e00
 x5=0x000000016d37a100 is pointing into the stack for thread: 0x0000000124ac9e00
 x6=0x65726f632f726568 is an unknown value
 x7=0x726f632f72656863 is an unknown value
 x8=0x000000014f5354e0 is at begin+0 in a stub
StubRoutines::SafeFetch32 [0x000000014f5354e0, 0x000000014f5354ec] (12 bytes)
 x9=0x000000016d37a6f0 is pointing into the stack for thread: 0x0000000124ac9e00
x10=0x0 is NULL
x11=0x000000016d37a750 is pointing into the stack for thread: 0x0000000124ac9e00
x12=0x00000000000000ab is an unknown value
x13=0x0 is NULL
x14=0x0000000000000037 is an unknown value
x15=0x000000000000006c is an unknown value
x16=0x000000019c572654: pthread_getspecific+0 in /usr/lib/system/libsystem_pthread.dylib at 0x000000019c570000
x17=0x00000001131efe00 points into unknown readable memory: 0xfffffffffffffffe | fe ff ff ff ff ff ff ff
x18=0x0 is NULL
x19=0x000000015748f000 is pointing into metadata
x20=0x0000000124ac9e00 is a thread
x21=0x0000000000000001 is an unknown value
x22=0x000000010846b758: _ZN12StubRoutines25_call_stub_return_addressE+0 in /Library/Java/JavaVirtualMachines/temurin-17.jdk/Contents/Home/lib/server/libjvm.dylib at 0x0000000107800000
x23=0x000000010846b9b0: _ZN12StubRoutines18_safefetch32_entryE+0 in /Library/Java/JavaVirtualMachines/temurin-17.jdk/Contents/Home/lib/server/libjvm.dylib at 0x0000000107800000
x24=0x00000000cafebabe is an unknown value
x25=0x000000016d37a700 is pointing into the stack for thread: 0x0000000124ac9e00
x26=0x000000011801031c points into unknown readable memory: 00 00 00 00
x27=0x0000000118014390 points into unknown readable memory: 0x0000000000000106 | 06 01 00 00 00 00 00 00
x28=0x000000014f544490 is at code_begin+592 in an Interpreter codelet
ifeq  153 ifeq  [0x000000014f544240, 0x000000014f5444c0]  640 bytes


Registers:
 x0=0x000000015748f000  x1=0x00000000cafebabe  x2=0x000000016d379f28  x3=0x0000000000000001
 x4=0x000000016d37a100  x5=0x000000016d37a100  x6=0x65726f632f726568  x7=0x726f632f72656863
 x8=0x000000014f5354e0  x9=0x000000016d37a6f0 x10=0x0000000000000000 x11=0x000000016d37a750
x12=0x00000000000000ab x13=0x0000000000000000 x14=0x0000000000000037 x15=0x000000000000006c
x16=0x000000019c572654 x17=0x00000001131efe00 x18=0x0000000000000000 x19=0x000000015748f000
x20=0x0000000124ac9e00 x21=0x0000000000000001 x22=0x000000010846b758 x23=0x000000010846b9b0
x24=0x00000000cafebabe x25=0x000000016d37a700 x26=0x000000011801031c x27=0x0000000118014390
x28=0x000000014f544490  fp=0x000000016d379df0  lr=0x0000000107fc6e60  sp=0x000000016d379dc0
pc=0x000000014f5354e4 cpsr=0x0000000060001000
Top of Stack: (sp=0x000000016d379dc0)
0x000000016d379dc0:   000000016d37a7a0 000000016d37a6f0
0x000000016d379dd0:   000000010846b758 000000015748f7b0
0x000000016d379de0:   000000015748f000 000000015748f808
0x000000016d379df0:   000000016d379e10 0000000107fc7460
0x000000016d379e00:   000000016d379e70 000000015748f7b0
0x000000016d379e10:   000000016d379e30 0000000107f7426c
0x000000016d379e20:   000000016d379e70 0000000124ac9e00
0x000000016d379e30:   000000016d379e60 0000000107b61558
0x000000016d379e40:   000000010846b758 000000014f539590
0x000000016d379e50:   000000014f539d80 0000000124ac9e00
0x000000016d379e60:   000000016d379ee0 0000000107b61434
0x000000016d379e70:   000000016d37a6f0 000000014f539d80
0x000000016d379e80:   000000014f539590 2c69000100000000
0x000000016d379e90:   000000016d37a7a0 000000016d37a700
0x000000016d379ea0:   000000011801031c 0000000124aca0a8
0x000000016d379eb0:   0000000124ac9e00 000000016d37a100
0x000000016d379ec0:   000000014f539590 000000014f544490
0x000000016d379ed0:   0000000124ac9e00 000000016d379ff0
0x000000016d379ee0:   000000016d379f80 00000001081bdebc
0x000000016d379ef0:   0000000102d50040 0000000102d5bc00
0x000000016d379f00:   000000016d379f80 307080019c39eb30
0x000000016d379f10:   0000000102d4c000 00000001141a3d00
0x000000016d379f20:   000000016d37a640 000000016d37a6e0
0x000000016d379f30:   000000016d37a640 000000014f544490
0x000000016d379f40:   000000014f539590 0000000100000000
0x000000016d379f50:   000000016d37a6e0 000000016d37a640
0x000000016d379f60:   000000016d37a258 0000000000000800
0x000000016d379f70:   0000000124ac9e00 000000016d37a060
0x000000016d379f80:   000000016d37a040 0000000107b5e178
0x000000016d379f90:   0000000124ac9e00 0000000800105990
0x000000016d379fa0:   000000016d37a010 8b7480010817c62c
0x000000016d379fb0:   90da865c00700004 0000000800105990 

Instructions: (pc=0x000000014f5354e4)
0x000000014f5353e4:   1e614000 1400003a d2822809 f2a10889
0x000000014f5353f4:   f2c00029 6d425935 1e640886 0c402d31
0x000000014f535404:   1e6408c7 1f5654d0 1e6c1017 1f5050d0
0x000000014f535414:   1f504cd0 1f5048d0 1e650af6 1f50d8f6
0x000000014f535424:   1f5694d6 1f5158f6 1e762880 36000501
0x000000014f535434:   1e614000 14000026 2e251ca5 d2823009
0x000000014f535444:   f2a10889 f2c00029 6d425d36 1e600806
0x000000014f535454:   0c402d32 1f5758c7 1e6c101a 1f4754c7
0x000000014f535464:   1e650805 1f4750c7 d2866668 f2a7fa68
0x000000014f535474:   1f474cc7 1e6608c0 1f4748c7 1e6e1019
0x000000014f535484:   eb08007f 540000ac 1f479400 1f460340
0x000000014f535494:   1e603b20 1400000e d2a7fd29 eb09007f
0x000000014f5354a4:   540000ac 51480069 d3607d29 9e670121
0x000000014f5354b4:   14000002 1e6a5001 1f679417 1f668742
0x000000014f5354c4:   1e613b23 1e773857 1e773860 a8c17ff3
0x000000014f5354d4:   910003bf a8c17bfd d65f03c0 b9400001
0x000000014f5354e4:   aa0103e0 d65f03c0 f9400001 aa0103e0
0x000000014f5354f4:   d65f03c0 00000000 00000000 00000000
0x000000014f535504:   00000000 00000000 00000000 00000000
0x000000014f535514:   00000000 00000000 00000000 00000000
0x000000014f535524:   00000000 00000000 00000000 00000000
0x000000014f535534:   00000000 00000000 00000000 00000000
0x000000014f535544:   00000000 00000000 00000000 00000000
0x000000014f535554:   00000000 00000000 00000000 00000000
0x000000014f535564:   00000000 00000000 00000000 00000000
0x000000014f535574:   00000000 00000000 00000000 00000000
0x000000014f535584:   00000000 00000000 00000000 00000000
0x000000014f535594:   00000000 00000000 00000000 00000000
0x000000014f5355a4:   00000000 00000000 00000000 00000000
0x000000014f5355b4:   00000000 00000000 00000000 00000000
0x000000014f5355c4:   00000000 00000000 00000000 00000000
0x000000014f5355d4:   00000000 00000000 00000000 00000000 


Stack slot to memory mapping:
stack at sp + 0 slots: 0x000000016d37a7a0 is pointing into the stack for thread: 0x0000000124ac9e00
stack at sp + 1 slots: 0x000000016d37a6f0 is pointing into the stack for thread: 0x0000000124ac9e00
stack at sp + 2 slots: 0x000000010846b758: _ZN12StubRoutines25_call_stub_return_addressE+0 in /Library/Java/JavaVirtualMachines/temurin-17.jdk/Contents/Home/lib/server/libjvm.dylib at 0x0000000107800000
stack at sp + 3 slots: {method} {0x000000015748f7b0} 'getEntry' '(Ljava/lang/String;)Ljava/util/zip/ZipEntry;' in 'java/util/zip/ZipFile'
stack at sp + 4 slots: 0x000000015748f000 is pointing into metadata
stack at sp + 5 slots: 0x000000015748f808 is pointing into metadata
stack at sp + 6 slots: 0x000000016d379e10 is pointing into the stack for thread: 0x0000000124ac9e00
stack at sp + 7 slots: 0x0000000107fc7460: _ZN2os17is_readable_rangeEPKvS1_+0x2c in /Library/Java/JavaVirtualMachines/temurin-17.jdk/Contents/Home/lib/server/libjvm.dylib at 0x0000000107800000

StubRoutines::SafeFetch32 [0x000000014f5354e0, 0x000000014f5354ec] (12 bytes)
[MachCode]
  0x000000014f5354e0: 0100 40b9 | e003 01aa | c003 5fd6 
[/MachCode]

---------------  P R O C E S S  ---------------

Threads class SMR info:
_java_thread_list=0x0000000113559a20, length=15, elements={
0x0000000124ac9e00, 0x00000001361a4a00, 0x0000000124b01800, 0x0000000124b05e00,
0x00000001361ad000, 0x00000001361b9400, 0x00000001361b9a00, 0x0000000124b03a00,
0x0000000117810200, 0x00000001361ba000, 0x0000000124c02c00, 0x00000001361baa00,
0x0000000136404200, 0x000000013644e600, 0x0000000136406400
}

Java Threads: ( => current thread )
=>0x0000000124ac9e00 JavaThread "main" [_thread_in_Java, id=6659, stack(0x000000016d17c000,0x000000016d37f000)]
  0x00000001361a4a00 JavaThread "Reference Handler" daemon [_thread_blocked, id=15875, stack(0x000000016dfd0000,0x000000016e1d3000)]
  0x0000000124b01800 JavaThread "Finalizer" daemon [_thread_blocked, id=16387, stack(0x000000016e1dc000,0x000000016e3df000)]
  0x0000000124b05e00 JavaThread "Signal Dispatcher" daemon [_thread_blocked, id=42243, stack(0x000000016e500000,0x000000016e703000)]
  0x00000001361ad000 JavaThread "Service Thread" daemon [_thread_blocked, id=22787, stack(0x000000016e70c000,0x000000016e90f000)]
  0x00000001361b9400 JavaThread "Monitor Deflation Thread" daemon [_thread_blocked, id=23299, stack(0x000000016e918000,0x000000016eb1b000)]
  0x00000001361b9a00 JavaThread "C2 CompilerThread0" daemon [_thread_in_native, id=23555, stack(0x000000016eb24000,0x000000016ed27000)]
  0x0000000124b03a00 JavaThread "C1 CompilerThread0" daemon [_thread_blocked, id=23811, stack(0x000000016ed30000,0x000000016ef33000)]
  0x0000000117810200 JavaThread "Sweeper thread" daemon [_thread_blocked, id=24323, stack(0x000000016ef3c000,0x000000016f13f000)]
  0x00000001361ba000 JavaThread "Common-Cleaner" daemon [_thread_blocked, id=24835, stack(0x000000016f148000,0x000000016f34b000)]
  0x0000000124c02c00 JavaThread "Monitor Ctrl-Break" daemon [_thread_in_native, id=25091, stack(0x000000016f354000,0x000000016f557000)]
  0x00000001361baa00 JavaThread "JFR Recorder Thread" daemon [_thread_blocked, id=40963, stack(0x000000016f560000,0x000000016f763000)]
  0x0000000136404200 JavaThread "JFR Periodic Tasks" daemon [_thread_blocked, id=25603, stack(0x000000016f76c000,0x000000016f96f000)]
  0x000000013644e600 JavaThread "Async-profiler Timer" daemon [_thread_in_native, id=26115, stack(0x000000016fa04000,0x000000016fc07000)]
  0x0000000136406400 JavaThread "Notification Thread" daemon [_thread_blocked, id=26627, stack(0x000000016fc10000,0x000000016fe13000)]

Other Threads:
  0x00000001125f2ea0 VMThread "VM Thread" [stack: 0x000000016ddc4000,0x000000016dfc7000] [id=15363]
  0x000000011355a330 WatcherThread [stack: 0x000000016fe1c000,0x000000017001f000] [id=39683]
  0x00000001131ff2d0 GCTaskThread "GC Thread#0" [stack: 0x000000016d388000,0x000000016d58b000] [id=11779]
  0x00000001140042b0 ConcurrentGCThread "G1 Main Marker" [stack: 0x000000016d594000,0x000000016d797000] [id=18947]
  0x00000001125a45c0 ConcurrentGCThread "G1 Conc#0" [stack: 0x000000016d7a0000,0x000000016d9a3000] [id=18435]
  0x00000001125be470 ConcurrentGCThread "G1 Refine#0" [stack: 0x000000016d9ac000,0x000000016dbaf000] [id=13059]
  0x00000001125bf210 ConcurrentGCThread "G1 Service" [stack: 0x000000016dbb8000,0x000000016ddbb000] [id=17923]

Threads with active compile tasks:
C2 CompilerThread0     1080  873       4       jdk.internal.org.objectweb.asm.Frame::execute (2305 bytes)

VM state: not at safepoint (normal execution)

VM Mutex/Monitor currently owned by a thread: None

Heap address: 0x0000000700000000, size: 4096 MB, Compressed Oops mode: Zero based, Oop shift amount: 3

CDS archive(s) not mapped
Compressed class space mapped at: 0x0000000800000000-0x0000000840000000, reserved size: 1073741824
Narrow klass base: 0x0000000800000000, Narrow klass shift: 0, Narrow klass range: 0x40000000

GC Precious Log:
 CPUs: 8 total, 8 available
 Memory: 16384M
 Large Page Support: Disabled
 NUMA Support: Disabled
 Compressed Oops: Enabled (Zero based)
 Heap Region Size: 2M
 Heap Min Capacity: 8M
 Heap Initial Capacity: 256M
 Heap Max Capacity: 4G
 Pre-touch: Disabled
 Parallel Workers: 8
 Concurrent Workers: 2
 Concurrent Refinement Workers: 8
 Periodic GC: Disabled

Heap:
 garbage-first heap   total 262144K, used 20480K [0x0000000700000000, 0x0000000800000000)
  region size 2048K, 11 young (22528K), 0 survivors (0K)
 Metaspace       used 11306K, committed 11520K, reserved 1114112K
  class space    used 1035K, committed 1152K, reserved 1048576K

Heap Regions: E=young(eden), S=young(survivor), O=old, HS=humongous(starts), HC=humongous(continues), CS=collection set, F=free, OA=open archive, CA=closed archive, TAMS=top-at-mark-start (previous, next)
|   0|0x0000000700000000, 0x0000000700000000, 0x0000000700200000|  0%| F|  |TAMS 0x0000000700000000, 0x0000000700000000| Untracked 
|   1|0x0000000700200000, 0x0000000700200000, 0x0000000700400000|  0%| F|  |TAMS 0x0000000700200000, 0x0000000700200000| Untracked 
|   2|0x0000000700400000, 0x0000000700400000, 0x0000000700600000|  0%| F|  |TAMS 0x0000000700400000, 0x0000000700400000| Untracked 
|   3|0x0000000700600000, 0x0000000700600000, 0x0000000700800000|  0%| F|  |TAMS 0x0000000700600000, 0x0000000700600000| Untracked 
|   4|0x0000000700800000, 0x0000000700800000, 0x0000000700a00000|  0%| F|  |TAMS 0x0000000700800000, 0x0000000700800000| Untracked 
|   5|0x0000000700a00000, 0x0000000700a00000, 0x0000000700c00000|  0%| F|  |TAMS 0x0000000700a00000, 0x0000000700a00000| Untracked 
|   6|0x0000000700c00000, 0x0000000700c00000, 0x0000000700e00000|  0%| F|  |TAMS 0x0000000700c00000, 0x0000000700c00000| Untracked 
|   7|0x0000000700e00000, 0x0000000700e00000, 0x0000000701000000|  0%| F|  |TAMS 0x0000000700e00000, 0x0000000700e00000| Untracked 
|   8|0x0000000701000000, 0x0000000701000000, 0x0000000701200000|  0%| F|  |TAMS 0x0000000701000000, 0x0000000701000000| Untracked 
|   9|0x0000000701200000, 0x0000000701200000, 0x0000000701400000|  0%| F|  |TAMS 0x0000000701200000, 0x0000000701200000| Untracked 
|  10|0x0000000701400000, 0x0000000701400000, 0x0000000701600000|  0%| F|  |TAMS 0x0000000701400000, 0x0000000701400000| Untracked 
|  11|0x0000000701600000, 0x0000000701600000, 0x0000000701800000|  0%| F|  |TAMS 0x0000000701600000, 0x0000000701600000| Untracked 
|  12|0x0000000701800000, 0x0000000701800000, 0x0000000701a00000|  0%| F|  |TAMS 0x0000000701800000, 0x0000000701800000| Untracked 
|  13|0x0000000701a00000, 0x0000000701a00000, 0x0000000701c00000|  0%| F|  |TAMS 0x0000000701a00000, 0x0000000701a00000| Untracked 
|  14|0x0000000701c00000, 0x0000000701c00000, 0x0000000701e00000|  0%| F|  |TAMS 0x0000000701c00000, 0x0000000701c00000| Untracked 
|  15|0x0000000701e00000, 0x0000000701e00000, 0x0000000702000000|  0%| F|  |TAMS 0x0000000701e00000, 0x0000000701e00000| Untracked 
|  16|0x0000000702000000, 0x0000000702000000, 0x0000000702200000|  0%| F|  |TAMS 0x0000000702000000, 0x0000000702000000| Untracked 
|  17|0x0000000702200000, 0x0000000702200000, 0x0000000702400000|  0%| F|  |TAMS 0x0000000702200000, 0x0000000702200000| Untracked 
|  18|0x0000000702400000, 0x0000000702400000, 0x0000000702600000|  0%| F|  |TAMS 0x0000000702400000, 0x0000000702400000| Untracked 
|  19|0x0000000702600000, 0x0000000702600000, 0x0000000702800000|  0%| F|  |TAMS 0x0000000702600000, 0x0000000702600000| Untracked 
|  20|0x0000000702800000, 0x0000000702800000, 0x0000000702a00000|  0%| F|  |TAMS 0x0000000702800000, 0x0000000702800000| Untracked 
|  21|0x0000000702a00000, 0x0000000702a00000, 0x0000000702c00000|  0%| F|  |TAMS 0x0000000702a00000, 0x0000000702a00000| Untracked 
|  22|0x0000000702c00000, 0x0000000702c00000, 0x0000000702e00000|  0%| F|  |TAMS 0x0000000702c00000, 0x0000000702c00000| Untracked 
|  23|0x0000000702e00000, 0x0000000702e00000, 0x0000000703000000|  0%| F|  |TAMS 0x0000000702e00000, 0x0000000702e00000| Untracked 
|  24|0x0000000703000000, 0x0000000703000000, 0x0000000703200000|  0%| F|  |TAMS 0x0000000703000000, 0x0000000703000000| Untracked 
|  25|0x0000000703200000, 0x0000000703200000, 0x0000000703400000|  0%| F|  |TAMS 0x0000000703200000, 0x0000000703200000| Untracked 
|  26|0x0000000703400000, 0x0000000703400000, 0x0000000703600000|  0%| F|  |TAMS 0x0000000703400000, 0x0000000703400000| Untracked 
|  27|0x0000000703600000, 0x0000000703600000, 0x0000000703800000|  0%| F|  |TAMS 0x0000000703600000, 0x0000000703600000| Untracked 
|  28|0x0000000703800000, 0x0000000703800000, 0x0000000703a00000|  0%| F|  |TAMS 0x0000000703800000, 0x0000000703800000| Untracked 
|  29|0x0000000703a00000, 0x0000000703a00000, 0x0000000703c00000|  0%| F|  |TAMS 0x0000000703a00000, 0x0000000703a00000| Untracked 
|  30|0x0000000703c00000, 0x0000000703c00000, 0x0000000703e00000|  0%| F|  |TAMS 0x0000000703c00000, 0x0000000703c00000| Untracked 
|  31|0x0000000703e00000, 0x0000000703e00000, 0x0000000704000000|  0%| F|  |TAMS 0x0000000703e00000, 0x0000000703e00000| Untracked 
|  32|0x0000000704000000, 0x0000000704000000, 0x0000000704200000|  0%| F|  |TAMS 0x0000000704000000, 0x0000000704000000| Untracked 
|  33|0x0000000704200000, 0x0000000704200000, 0x0000000704400000|  0%| F|  |TAMS 0x0000000704200000, 0x0000000704200000| Untracked 
|  34|0x0000000704400000, 0x0000000704400000, 0x0000000704600000|  0%| F|  |TAMS 0x0000000704400000, 0x0000000704400000| Untracked 
|  35|0x0000000704600000, 0x0000000704600000, 0x0000000704800000|  0%| F|  |TAMS 0x0000000704600000, 0x0000000704600000| Untracked 
|  36|0x0000000704800000, 0x0000000704800000, 0x0000000704a00000|  0%| F|  |TAMS 0x0000000704800000, 0x0000000704800000| Untracked 
|  37|0x0000000704a00000, 0x0000000704a00000, 0x0000000704c00000|  0%| F|  |TAMS 0x0000000704a00000, 0x0000000704a00000| Untracked 
|  38|0x0000000704c00000, 0x0000000704c00000, 0x0000000704e00000|  0%| F|  |TAMS 0x0000000704c00000, 0x0000000704c00000| Untracked 
|  39|0x0000000704e00000, 0x0000000704e00000, 0x0000000705000000|  0%| F|  |TAMS 0x0000000704e00000, 0x0000000704e00000| Untracked 
|  40|0x0000000705000000, 0x0000000705000000, 0x0000000705200000|  0%| F|  |TAMS 0x0000000705000000, 0x0000000705000000| Untracked 
|  41|0x0000000705200000, 0x0000000705200000, 0x0000000705400000|  0%| F|  |TAMS 0x0000000705200000, 0x0000000705200000| Untracked 
|  42|0x0000000705400000, 0x0000000705400000, 0x0000000705600000|  0%| F|  |TAMS 0x0000000705400000, 0x0000000705400000| Untracked 
|  43|0x0000000705600000, 0x0000000705600000, 0x0000000705800000|  0%| F|  |TAMS 0x0000000705600000, 0x0000000705600000| Untracked 
|  44|0x0000000705800000, 0x0000000705800000, 0x0000000705a00000|  0%| F|  |TAMS 0x0000000705800000, 0x0000000705800000| Untracked 
|  45|0x0000000705a00000, 0x0000000705a00000, 0x0000000705c00000|  0%| F|  |TAMS 0x0000000705a00000, 0x0000000705a00000| Untracked 
|  46|0x0000000705c00000, 0x0000000705c00000, 0x0000000705e00000|  0%| F|  |TAMS 0x0000000705c00000, 0x0000000705c00000| Untracked 
|  47|0x0000000705e00000, 0x0000000705e00000, 0x0000000706000000|  0%| F|  |TAMS 0x0000000705e00000, 0x0000000705e00000| Untracked 
|  48|0x0000000706000000, 0x0000000706000000, 0x0000000706200000|  0%| F|  |TAMS 0x0000000706000000, 0x0000000706000000| Untracked 
|  49|0x0000000706200000, 0x0000000706200000, 0x0000000706400000|  0%| F|  |TAMS 0x0000000706200000, 0x0000000706200000| Untracked 
|  50|0x0000000706400000, 0x0000000706400000, 0x0000000706600000|  0%| F|  |TAMS 0x0000000706400000, 0x0000000706400000| Untracked 
|  51|0x0000000706600000, 0x0000000706600000, 0x0000000706800000|  0%| F|  |TAMS 0x0000000706600000, 0x0000000706600000| Untracked 
|  52|0x0000000706800000, 0x0000000706800000, 0x0000000706a00000|  0%| F|  |TAMS 0x0000000706800000, 0x0000000706800000| Untracked 
|  53|0x0000000706a00000, 0x0000000706a00000, 0x0000000706c00000|  0%| F|  |TAMS 0x0000000706a00000, 0x0000000706a00000| Untracked 
|  54|0x0000000706c00000, 0x0000000706c00000, 0x0000000706e00000|  0%| F|  |TAMS 0x0000000706c00000, 0x0000000706c00000| Untracked 
|  55|0x0000000706e00000, 0x0000000706e00000, 0x0000000707000000|  0%| F|  |TAMS 0x0000000706e00000, 0x0000000706e00000| Untracked 
|  56|0x0000000707000000, 0x0000000707000000, 0x0000000707200000|  0%| F|  |TAMS 0x0000000707000000, 0x0000000707000000| Untracked 
|  57|0x0000000707200000, 0x0000000707200000, 0x0000000707400000|  0%| F|  |TAMS 0x0000000707200000, 0x0000000707200000| Untracked 
|  58|0x0000000707400000, 0x0000000707400000, 0x0000000707600000|  0%| F|  |TAMS 0x0000000707400000, 0x0000000707400000| Untracked 
|  59|0x0000000707600000, 0x0000000707600000, 0x0000000707800000|  0%| F|  |TAMS 0x0000000707600000, 0x0000000707600000| Untracked 
|  60|0x0000000707800000, 0x0000000707800000, 0x0000000707a00000|  0%| F|  |TAMS 0x0000000707800000, 0x0000000707800000| Untracked 
|  61|0x0000000707a00000, 0x0000000707a00000, 0x0000000707c00000|  0%| F|  |TAMS 0x0000000707a00000, 0x0000000707a00000| Untracked 
|  62|0x0000000707c00000, 0x0000000707c00000, 0x0000000707e00000|  0%| F|  |TAMS 0x0000000707c00000, 0x0000000707c00000| Untracked 
|  63|0x0000000707e00000, 0x0000000707e00000, 0x0000000708000000|  0%| F|  |TAMS 0x0000000707e00000, 0x0000000707e00000| Untracked 
|  64|0x0000000708000000, 0x0000000708000000, 0x0000000708200000|  0%| F|  |TAMS 0x0000000708000000, 0x0000000708000000| Untracked 
|  65|0x0000000708200000, 0x0000000708200000, 0x0000000708400000|  0%| F|  |TAMS 0x0000000708200000, 0x0000000708200000| Untracked 
|  66|0x0000000708400000, 0x0000000708400000, 0x0000000708600000|  0%| F|  |TAMS 0x0000000708400000, 0x0000000708400000| Untracked 
|  67|0x0000000708600000, 0x0000000708600000, 0x0000000708800000|  0%| F|  |TAMS 0x0000000708600000, 0x0000000708600000| Untracked 
|  68|0x0000000708800000, 0x0000000708800000, 0x0000000708a00000|  0%| F|  |TAMS 0x0000000708800000, 0x0000000708800000| Untracked 
|  69|0x0000000708a00000, 0x0000000708a00000, 0x0000000708c00000|  0%| F|  |TAMS 0x0000000708a00000, 0x0000000708a00000| Untracked 
|  70|0x0000000708c00000, 0x0000000708c00000, 0x0000000708e00000|  0%| F|  |TAMS 0x0000000708c00000, 0x0000000708c00000| Untracked 
|  71|0x0000000708e00000, 0x0000000708e00000, 0x0000000709000000|  0%| F|  |TAMS 0x0000000708e00000, 0x0000000708e00000| Untracked 
|  72|0x0000000709000000, 0x0000000709000000, 0x0000000709200000|  0%| F|  |TAMS 0x0000000709000000, 0x0000000709000000| Untracked 
|  73|0x0000000709200000, 0x0000000709200000, 0x0000000709400000|  0%| F|  |TAMS 0x0000000709200000, 0x0000000709200000| Untracked 
|  74|0x0000000709400000, 0x0000000709400000, 0x0000000709600000|  0%| F|  |TAMS 0x0000000709400000, 0x0000000709400000| Untracked 
|  75|0x0000000709600000, 0x0000000709600000, 0x0000000709800000|  0%| F|  |TAMS 0x0000000709600000, 0x0000000709600000| Untracked 
|  76|0x0000000709800000, 0x0000000709800000, 0x0000000709a00000|  0%| F|  |TAMS 0x0000000709800000, 0x0000000709800000| Untracked 
|  77|0x0000000709a00000, 0x0000000709a00000, 0x0000000709c00000|  0%| F|  |TAMS 0x0000000709a00000, 0x0000000709a00000| Untracked 
|  78|0x0000000709c00000, 0x0000000709c00000, 0x0000000709e00000|  0%| F|  |TAMS 0x0000000709c00000, 0x0000000709c00000| Untracked 
|  79|0x0000000709e00000, 0x0000000709e00000, 0x000000070a000000|  0%| F|  |TAMS 0x0000000709e00000, 0x0000000709e00000| Untracked 
|  80|0x000000070a000000, 0x000000070a000000, 0x000000070a200000|  0%| F|  |TAMS 0x000000070a000000, 0x000000070a000000| Untracked 
|  81|0x000000070a200000, 0x000000070a200000, 0x000000070a400000|  0%| F|  |TAMS 0x000000070a200000, 0x000000070a200000| Untracked 
|  82|0x000000070a400000, 0x000000070a400000, 0x000000070a600000|  0%| F|  |TAMS 0x000000070a400000, 0x000000070a400000| Untracked 
|  83|0x000000070a600000, 0x000000070a600000, 0x000000070a800000|  0%| F|  |TAMS 0x000000070a600000, 0x000000070a600000| Untracked 
|  84|0x000000070a800000, 0x000000070a800000, 0x000000070aa00000|  0%| F|  |TAMS 0x000000070a800000, 0x000000070a800000| Untracked 
|  85|0x000000070aa00000, 0x000000070aa00000, 0x000000070ac00000|  0%| F|  |TAMS 0x000000070aa00000, 0x000000070aa00000| Untracked 
|  86|0x000000070ac00000, 0x000000070ac00000, 0x000000070ae00000|  0%| F|  |TAMS 0x000000070ac00000, 0x000000070ac00000| Untracked 
|  87|0x000000070ae00000, 0x000000070ae00000, 0x000000070b000000|  0%| F|  |TAMS 0x000000070ae00000, 0x000000070ae00000| Untracked 
|  88|0x000000070b000000, 0x000000070b000000, 0x000000070b200000|  0%| F|  |TAMS 0x000000070b000000, 0x000000070b000000| Untracked 
|  89|0x000000070b200000, 0x000000070b200000, 0x000000070b400000|  0%| F|  |TAMS 0x000000070b200000, 0x000000070b200000| Untracked 
|  90|0x000000070b400000, 0x000000070b400000, 0x000000070b600000|  0%| F|  |TAMS 0x000000070b400000, 0x000000070b400000| Untracked 
|  91|0x000000070b600000, 0x000000070b600000, 0x000000070b800000|  0%| F|  |TAMS 0x000000070b600000, 0x000000070b600000| Untracked 
|  92|0x000000070b800000, 0x000000070b800000, 0x000000070ba00000|  0%| F|  |TAMS 0x000000070b800000, 0x000000070b800000| Untracked 
|  93|0x000000070ba00000, 0x000000070ba00000, 0x000000070bc00000|  0%| F|  |TAMS 0x000000070ba00000, 0x000000070ba00000| Untracked 
|  94|0x000000070bc00000, 0x000000070bc00000, 0x000000070be00000|  0%| F|  |TAMS 0x000000070bc00000, 0x000000070bc00000| Untracked 
|  95|0x000000070be00000, 0x000000070be00000, 0x000000070c000000|  0%| F|  |TAMS 0x000000070be00000, 0x000000070be00000| Untracked 
|  96|0x000000070c000000, 0x000000070c000000, 0x000000070c200000|  0%| F|  |TAMS 0x000000070c000000, 0x000000070c000000| Untracked 
|  97|0x000000070c200000, 0x000000070c200000, 0x000000070c400000|  0%| F|  |TAMS 0x000000070c200000, 0x000000070c200000| Untracked 
|  98|0x000000070c400000, 0x000000070c400000, 0x000000070c600000|  0%| F|  |TAMS 0x000000070c400000, 0x000000070c400000| Untracked 
|  99|0x000000070c600000, 0x000000070c600000, 0x000000070c800000|  0%| F|  |TAMS 0x000000070c600000, 0x000000070c600000| Untracked 
| 100|0x000000070c800000, 0x000000070c800000, 0x000000070ca00000|  0%| F|  |TAMS 0x000000070c800000, 0x000000070c800000| Untracked 
| 101|0x000000070ca00000, 0x000000070ca00000, 0x000000070cc00000|  0%| F|  |TAMS 0x000000070ca00000, 0x000000070ca00000| Untracked 
| 102|0x000000070cc00000, 0x000000070cc00000, 0x000000070ce00000|  0%| F|  |TAMS 0x000000070cc00000, 0x000000070cc00000| Untracked 
| 103|0x000000070ce00000, 0x000000070ce00000, 0x000000070d000000|  0%| F|  |TAMS 0x000000070ce00000, 0x000000070ce00000| Untracked 
| 104|0x000000070d000000, 0x000000070d000000, 0x000000070d200000|  0%| F|  |TAMS 0x000000070d000000, 0x000000070d000000| Untracked 
| 105|0x000000070d200000, 0x000000070d200000, 0x000000070d400000|  0%| F|  |TAMS 0x000000070d200000, 0x000000070d200000| Untracked 
| 106|0x000000070d400000, 0x000000070d400000, 0x000000070d600000|  0%| F|  |TAMS 0x000000070d400000, 0x000000070d400000| Untracked 
| 107|0x000000070d600000, 0x000000070d600000, 0x000000070d800000|  0%| F|  |TAMS 0x000000070d600000, 0x000000070d600000| Untracked 
| 108|0x000000070d800000, 0x000000070d800000, 0x000000070da00000|  0%| F|  |TAMS 0x000000070d800000, 0x000000070d800000| Untracked 
| 109|0x000000070da00000, 0x000000070da00000, 0x000000070dc00000|  0%| F|  |TAMS 0x000000070da00000, 0x000000070da00000| Untracked 
| 110|0x000000070dc00000, 0x000000070dc00000, 0x000000070de00000|  0%| F|  |TAMS 0x000000070dc00000, 0x000000070dc00000| Untracked 
| 111|0x000000070de00000, 0x000000070de00000, 0x000000070e000000|  0%| F|  |TAMS 0x000000070de00000, 0x000000070de00000| Untracked 
| 112|0x000000070e000000, 0x000000070e000000, 0x000000070e200000|  0%| F|  |TAMS 0x000000070e000000, 0x000000070e000000| Untracked 
| 113|0x000000070e200000, 0x000000070e200000, 0x000000070e400000|  0%| F|  |TAMS 0x000000070e200000, 0x000000070e200000| Untracked 
| 114|0x000000070e400000, 0x000000070e400000, 0x000000070e600000|  0%| F|  |TAMS 0x000000070e400000, 0x000000070e400000| Untracked 
| 115|0x000000070e600000, 0x000000070e600000, 0x000000070e800000|  0%| F|  |TAMS 0x000000070e600000, 0x000000070e600000| Untracked 
| 116|0x000000070e800000, 0x000000070e800000, 0x000000070ea00000|  0%| F|  |TAMS 0x000000070e800000, 0x000000070e800000| Untracked 
| 117|0x000000070ea00000, 0x000000070eae1d08, 0x000000070ec00000| 44%| E|  |TAMS 0x000000070ea00000, 0x000000070ea00000| Complete 
| 118|0x000000070ec00000, 0x000000070ee00000, 0x000000070ee00000|100%| E|CS|TAMS 0x000000070ec00000, 0x000000070ec00000| Complete 
| 119|0x000000070ee00000, 0x000000070f000000, 0x000000070f000000|100%| E|CS|TAMS 0x000000070ee00000, 0x000000070ee00000| Complete 
| 120|0x000000070f000000, 0x000000070f200000, 0x000000070f200000|100%| E|CS|TAMS 0x000000070f000000, 0x000000070f000000| Complete 
| 121|0x000000070f200000, 0x000000070f400000, 0x000000070f400000|100%| E|CS|TAMS 0x000000070f200000, 0x000000070f200000| Complete 
| 122|0x000000070f400000, 0x000000070f600000, 0x000000070f600000|100%| E|CS|TAMS 0x000000070f400000, 0x000000070f400000| Complete 
| 123|0x000000070f600000, 0x000000070f800000, 0x000000070f800000|100%| E|CS|TAMS 0x000000070f600000, 0x000000070f600000| Complete 
| 124|0x000000070f800000, 0x000000070fa00000, 0x000000070fa00000|100%| E|CS|TAMS 0x000000070f800000, 0x000000070f800000| Complete 
| 125|0x000000070fa00000, 0x000000070fc00000, 0x000000070fc00000|100%| E|CS|TAMS 0x000000070fa00000, 0x000000070fa00000| Complete 
| 126|0x000000070fc00000, 0x000000070fe00000, 0x000000070fe00000|100%| E|CS|TAMS 0x000000070fc00000, 0x000000070fc00000| Complete 
| 127|0x000000070fe00000, 0x0000000710000000, 0x0000000710000000|100%| E|CS|TAMS 0x000000070fe00000, 0x000000070fe00000| Complete 

Card table byte_map: [0x0000000114700000,0x0000000114f00000] _byte_map_base: 0x0000000110f00000

Marking Bits (Prev, Next): (CMBitMap*) 0x0000000124aef010, (CMBitMap*) 0x0000000124aef050
 Prev Bits: [0x0000000120000000, 0x0000000124000000)
 Next Bits: [0x0000000130000000, 0x0000000134000000)

Polling page: 0x0000000102da0000

Metaspace:

Usage:
  Non-class:     10.03 MB used.
      Class:      1.01 MB used.
       Both:     11.04 MB used.

Virtual space:
  Non-class space:       64.00 MB reserved,      10.12 MB ( 16%) committed,  1 nodes.
      Class space:        1.00 GB reserved,       1.12 MB ( <1%) committed,  1 nodes.
             Both:        1.06 GB reserved,      11.25 MB (  1%) committed. 

Chunk freelists:
   Non-Class:  4.95 MB
       Class:  14.72 MB
        Both:  19.68 MB

MaxMetaspaceSize: unlimited
CompressedClassSpaceSize: 1.00 GB
Initial GC threshold: 21.00 MB
Current GC threshold: 21.00 MB
CDS: off
MetaspaceReclaimPolicy: balanced
 - commit_granule_bytes: 65536.
 - commit_granule_words: 8192.
 - virtual_space_node_default_size: 8388608.
 - enlarge_chunks_in_place: 1.
 - new_chunks_are_fully_committed: 0.
 - uncommit_free_chunks: 1.
 - use_allocation_guard: 0.
 - handle_deallocations: 1.


Internal statistics:

num_allocs_failed_limit: 0.
num_arena_births: 66.
num_arena_deaths: 0.
num_vsnodes_births: 2.
num_vsnodes_deaths: 0.
num_space_committed: 180.
num_space_uncommitted: 0.
num_chunks_returned_to_freelist: 0.
num_chunks_taken_from_freelist: 134.
num_chunk_merges: 0.
num_chunk_splits: 58.
num_chunks_enlarged: 19.
num_inconsistent_stats: 0.

CodeHeap 'non-profiled nmethods': size=120032Kb used=374Kb max_used=374Kb free=119657Kb
 bounds [0x000000014fac8000, 0x000000014fd38000, 0x0000000157000000]
CodeHeap 'profiled nmethods': size=120016Kb used=2512Kb max_used=2512Kb free=117503Kb
 bounds [0x0000000148000000, 0x0000000148280000, 0x000000014f534000]
CodeHeap 'non-nmethods': size=5712Kb used=1144Kb max_used=1176Kb free=4567Kb
 bounds [0x000000014f534000, 0x000000014f7a4000, 0x000000014fac8000]
 total_blobs=1579 nmethods=1140 adapters=355
 compilation: enabled
              stopped_count=0, restarted_count=0
 full_count=0

Compilation events (20 events):
Event: 1.068 Thread 0x0000000124b03a00 1150       3       jdk.jfr.internal.EventWriter::putEventThread (9 bytes)
Event: 1.068 Thread 0x0000000124b03a00 nmethod 1150 0x000000014826e010 code [0x000000014826e200, 0x000000014826e478]
Event: 1.068 Thread 0x0000000124b03a00 1151       3       jdk.jfr.internal.EventWriter::putStackTrace (36 bytes)
Event: 1.069 Thread 0x0000000124b03a00 nmethod 1151 0x000000014826e610 code [0x000000014826e840, 0x000000014826ed08]
Event: 1.069 Thread 0x0000000124b03a00 1152       3       jdk.jfr.internal.EventWriter::endEvent (159 bytes)
Event: 1.069 Thread 0x0000000124b03a00 nmethod 1152 0x000000014826f010 code [0x000000014826f4c0, 0x0000000148270ad8]
Event: 1.069 Thread 0x0000000124b03a00 1154       3       java.util.zip.ZipFile::ensureOpen (40 bytes)
Event: 1.069 Thread 0x0000000124b03a00 nmethod 1154 0x0000000148271b10 code [0x0000000148271d00, 0x0000000148271f78]
Event: 1.069 Thread 0x0000000124b03a00 1155       1       java.nio.Buffer::position (5 bytes)
Event: 1.069 Thread 0x0000000124b03a00 nmethod 1155 0x000000014fb25590 code [0x000000014fb25700, 0x000000014fb25798]
Event: 1.070 Thread 0x0000000124b03a00 1156       3       java.lang.StringConcatHelper::stringOf (20 bytes)
Event: 1.070 Thread 0x0000000124b03a00 nmethod 1156 0x0000000148272210 code [0x00000001482723c0, 0x0000000148272608]
Event: 1.070 Thread 0x0000000124b03a00 1157       3       java.lang.StringConcatHelper::mix (27 bytes)
Event: 1.070 Thread 0x0000000124b03a00 nmethod 1157 0x0000000148272790 code [0x0000000148272980, 0x0000000148272d88]
Event: 1.070 Thread 0x0000000124b03a00 1160       3       java.nio.Buffer::position (52 bytes)
Event: 1.070 Thread 0x0000000124b03a00 nmethod 1160 0x0000000148273110 code [0x00000001482732c0, 0x0000000148273548]
Event: 1.070 Thread 0x0000000124b03a00 1158       3       java.lang.ref.Cleaner$1::apply (9 bytes)
Event: 1.070 Thread 0x0000000124b03a00 nmethod 1158 0x0000000148273790 code [0x0000000148273940, 0x0000000148273bd8]
Event: 1.070 Thread 0x0000000124b03a00 1159       3       java.lang.ref.Cleaner$1::apply (5 bytes)
Event: 1.070 Thread 0x0000000124b03a00 nmethod 1159 0x0000000148273d10 code [0x0000000148273ec0, 0x0000000148273fd8]

GC Heap History (0 events):
No events

Dll operation events (8 events):
Event: 0.837 Loaded shared library /Library/Java/JavaVirtualMachines/temurin-17.jdk/Contents/Home/lib/libjava.dylib
Event: 0.879 Loaded shared library /Library/Java/JavaVirtualMachines/temurin-17.jdk/Contents/Home/lib/libzip.dylib
Event: 0.880 Loaded shared library /Library/Java/JavaVirtualMachines/temurin-17.jdk/Contents/Home/lib/libinstrument.dylib
Event: 0.882 Loaded shared library /Library/Java/JavaVirtualMachines/temurin-17.jdk/Contents/Home/lib/libnio.dylib
Event: 0.886 Loaded shared library /Library/Java/JavaVirtualMachines/temurin-17.jdk/Contents/Home/lib/libzip.dylib
Event: 0.894 Loaded shared library /Library/Java/JavaVirtualMachines/temurin-17.jdk/Contents/Home/lib/libnet.dylib
Event: 0.899 Loaded shared library /Library/Java/JavaVirtualMachines/temurin-17.jdk/Contents/Home/lib/libextnet.dylib
Event: 0.919 Loaded shared library /Library/Java/JavaVirtualMachines/temurin-17.jdk/Contents/Home/lib/libjimage.dylib

Deoptimization events (20 events):
Event: 0.952 Thread 0x0000000124ac9e00 DEOPT PACKING pc=0x000000014fad49b4 sp=0x000000016d37d2b0
Event: 0.952 Thread 0x0000000124ac9e00 DEOPT UNPACKING pc=0x000000014f57b91c sp=0x000000016d37d210 mode 2
Event: 0.983 Thread 0x0000000124ac9e00 DEOPT PACKING pc=0x00000001480f6568 sp=0x000000016d37da70
Event: 0.983 Thread 0x0000000124ac9e00 DEOPT UNPACKING pc=0x000000014f57b77c sp=0x000000016d37d780 mode 3
Event: 0.987 Thread 0x0000000124ac9e00 Uncommon trap: trap_request=0xffffff45 fr.pc=0x000000014fb00598 relative=0x00000000000000d8
Event: 0.987 Thread 0x0000000124ac9e00 Uncommon trap: reason=unstable_if action=reinterpret pc=0x000000014fb00598 method=jdk.internal.org.objectweb.asm.ByteVector.putShort(I)Ljdk/internal/org/objectweb/asm/ByteVector; @ 13 c2
Event: 0.987 Thread 0x0000000124ac9e00 DEOPT PACKING pc=0x000000014fb00598 sp=0x000000016d37d950
Event: 0.987 Thread 0x0000000124ac9e00 DEOPT UNPACKING pc=0x000000014f57b91c sp=0x000000016d37d8f0 mode 2
Event: 0.997 Thread 0x0000000124ac9e00 DEOPT PACKING pc=0x00000001481455ac sp=0x000000016d37c4f0
Event: 0.997 Thread 0x0000000124ac9e00 DEOPT UNPACKING pc=0x000000014f57b77c sp=0x000000016d37c200 mode 3
Event: 0.998 Thread 0x0000000124ac9e00 DEOPT PACKING pc=0x0000000148039860 sp=0x000000016d37c670
Event: 0.998 Thread 0x0000000124ac9e00 DEOPT UNPACKING pc=0x000000014f57b77c sp=0x000000016d37c2a0 mode 0
Event: 1.044 Thread 0x0000000124ac9e00 Uncommon trap: trap_request=0xffffff45 fr.pc=0x000000014fb175a4 relative=0x0000000000000064
Event: 1.044 Thread 0x0000000124ac9e00 Uncommon trap: reason=unstable_if action=reinterpret pc=0x000000014fb175a4 method=java.io.ByteArrayOutputStream.ensureCapacity(I)V @ 11 c2
Event: 1.044 Thread 0x0000000124ac9e00 DEOPT PACKING pc=0x000000014fb175a4 sp=0x000000016d37dba0
Event: 1.044 Thread 0x0000000124ac9e00 DEOPT UNPACKING pc=0x000000014f57b91c sp=0x000000016d37db10 mode 2
Event: 1.058 Thread 0x0000000124ac9e00 Uncommon trap: trap_request=0xffffff45 fr.pc=0x000000014faf9320 relative=0x00000000000004a0
Event: 1.058 Thread 0x0000000124ac9e00 Uncommon trap: reason=unstable_if action=reinterpret pc=0x000000014faf9320 method=java.lang.StringLatin1.replace([BCC)Ljava/lang/String; @ 19 c2
Event: 1.058 Thread 0x0000000124ac9e00 DEOPT PACKING pc=0x000000014faf9320 sp=0x000000016d37e960
Event: 1.058 Thread 0x0000000124ac9e00 DEOPT UNPACKING pc=0x000000014f57b91c sp=0x000000016d37e8d0 mode 2

Classes unloaded (0 events):
No events

Classes redefined (20 events):
Event: 1.031 Thread 0x00000001125f2ea0 redefined class name=sun.nio.ch.SocketChannelImpl, count=1
Event: 1.031 Thread 0x00000001125f2ea0 redefined class name=java.lang.Throwable, count=1
Event: 1.031 Thread 0x00000001125f2ea0 redefined class name=java.lang.Error, count=2
Event: 1.054 Thread 0x00000001125f2ea0 redefined class name=jdk.internal.event.ProcessStartEvent, count=1
Event: 1.054 Thread 0x00000001125f2ea0 redefined class name=jdk.jfr.events.ContainerIOUsageEvent, count=1
Event: 1.054 Thread 0x00000001125f2ea0 redefined class name=jdk.jfr.events.ContainerMemoryUsageEvent, count=1
Event: 1.054 Thread 0x00000001125f2ea0 redefined class name=jdk.jfr.events.ContainerCPUThrottlingEvent, count=1
Event: 1.054 Thread 0x00000001125f2ea0 redefined class name=jdk.jfr.events.ContainerCPUUsageEvent, count=1
Event: 1.054 Thread 0x00000001125f2ea0 redefined class name=jdk.jfr.events.ContainerConfigurationEvent, count=1
Event: 1.054 Thread 0x00000001125f2ea0 redefined class name=jdk.jfr.events.InitialSecurityPropertyEvent, count=1
Event: 1.054 Thread 0x00000001125f2ea0 redefined class name=jdk.jfr.events.DirectBufferStatisticsEvent, count=1
Event: 1.054 Thread 0x00000001125f2ea0 redefined class name=jdk.jfr.events.ActiveRecordingEvent, count=1
Event: 1.054 Thread 0x00000001125f2ea0 redefined class name=jdk.jfr.events.ActiveSettingEvent, count=1
Event: 1.054 Thread 0x00000001125f2ea0 redefined class name=jdk.jfr.events.ErrorThrownEvent, count=1
Event: 1.054 Thread 0x00000001125f2ea0 redefined class name=jdk.jfr.events.ExceptionStatisticsEvent, count=1
Event: 1.054 Thread 0x00000001125f2ea0 redefined class name=jdk.jfr.events.SocketWriteEvent, count=1
Event: 1.054 Thread 0x00000001125f2ea0 redefined class name=jdk.jfr.events.SocketReadEvent, count=1
Event: 1.054 Thread 0x00000001125f2ea0 redefined class name=jdk.jfr.events.FileWriteEvent, count=1
Event: 1.054 Thread 0x00000001125f2ea0 redefined class name=jdk.jfr.events.FileReadEvent, count=1
Event: 1.054 Thread 0x00000001125f2ea0 redefined class name=jdk.jfr.events.FileForceEvent, count=1

Internal exceptions (20 events):
Event: 0.981 Thread 0x0000000124ac9e00 Exception <a 'java/lang/ClassNotFoundException'{0x000000070f6b46d0}: jdk/jfr/internal/handlers/EventHandler1442_1688451567757-1594> (0x000000070f6b46d0) 
thrown [src/hotspot/share/classfile/systemDictionary.cpp, line 256]
Event: 0.982 Thread 0x0000000124ac9e00 Exception <a 'java/lang/ClassNotFoundException'{0x000000070f6d6f58}: jdk/jfr/internal/handlers/EventHandler1444_1688451567757-1594> (0x000000070f6d6f58) 
thrown [src/hotspot/share/classfile/systemDictionary.cpp, line 256]
Event: 0.983 Thread 0x0000000124ac9e00 Exception <a 'java/lang/ClassNotFoundException'{0x000000070f6e9860}: jdk/jfr/internal/handlers/EventHandler1446_1688451567757-1594> (0x000000070f6e9860) 
thrown [src/hotspot/share/classfile/systemDictionary.cpp, line 256]
Event: 0.984 Thread 0x0000000124ac9e00 Exception <a 'java/lang/ClassNotFoundException'{0x000000070f6f9858}: jdk/jfr/internal/handlers/EventHandler1448_1688451567757-1594> (0x000000070f6f9858) 
thrown [src/hotspot/share/classfile/systemDictionary.cpp, line 256]
Event: 0.984 Thread 0x0000000124ac9e00 Exception <a 'java/lang/ClassNotFoundException'{0x000000070f7067a0}: jdk/jfr/internal/handlers/EventHandler1450_1688451567757-1594> (0x000000070f7067a0) 
thrown [src/hotspot/share/classfile/systemDictionary.cpp, line 256]
Event: 0.985 Thread 0x0000000124ac9e00 Exception <a 'java/lang/ClassNotFoundException'{0x000000070f72dab8}: jdk/jfr/internal/handlers/EventHandler1452_1688451567757-1594> (0x000000070f72dab8) 
thrown [src/hotspot/share/classfile/systemDictionary.cpp, line 256]
Event: 0.986 Thread 0x0000000124ac9e00 Exception <a 'java/lang/ClassNotFoundException'{0x000000070f742230}: jdk/jfr/internal/handlers/EventHandler1454_1688451567757-1594> (0x000000070f742230) 
thrown [src/hotspot/share/classfile/systemDictionary.cpp, line 256]
Event: 0.987 Thread 0x0000000124ac9e00 Exception <a 'java/lang/ClassNotFoundException'{0x000000070f75aed8}: jdk/jfr/internal/handlers/EventHandler1456_1688451567757-1594> (0x000000070f75aed8) 
thrown [src/hotspot/share/classfile/systemDictionary.cpp, line 256]
Event: 0.988 Thread 0x0000000124ac9e00 Exception <a 'java/lang/ClassNotFoundException'{0x000000070f76b138}: jdk/jfr/internal/handlers/EventHandler1459_1688451567757-1594> (0x000000070f76b138) 
thrown [src/hotspot/share/classfile/systemDictionary.cpp, line 256]
Event: 0.988 Thread 0x0000000124ac9e00 Exception <a 'java/lang/ClassNotFoundException'{0x000000070f776b00}: jdk/jfr/internal/handlers/EventHandler1461_1688451567757-1594> (0x000000070f776b00) 
thrown [src/hotspot/share/classfile/systemDictionary.cpp, line 256]
Event: 0.989 Thread 0x0000000124ac9e00 Exception <a 'java/lang/ClassNotFoundException'{0x000000070f78d5e0}: jdk/jfr/internal/handlers/EventHandler1726_1688451567757-1594> (0x000000070f78d5e0) 
thrown [src/hotspot/share/classfile/systemDictionary.cpp, line 256]
Event: 0.990 Thread 0x0000000124ac9e00 Exception <a 'java/lang/ClassNotFoundException'{0x000000070f79d328}: jdk/jfr/internal/handlers/EventHandler1729_1688451567757-1594> (0x000000070f79d328) 
thrown [src/hotspot/share/classfile/systemDictionary.cpp, line 256]
Event: 0.990 Thread 0x0000000124ac9e00 Exception <a 'java/lang/ClassNotFoundException'{0x000000070f7aac88}: jdk/jfr/internal/handlers/EventHandler1732_1688451567757-1594> (0x000000070f7aac88) 
thrown [src/hotspot/share/classfile/systemDictionary.cpp, line 256]
Event: 0.991 Thread 0x0000000124ac9e00 Exception <a 'java/lang/ClassNotFoundException'{0x000000070f7b8d00}: jdk/jfr/internal/handlers/EventHandler1735_1688451567757-1594> (0x000000070f7b8d00) 
thrown [src/hotspot/share/classfile/systemDictionary.cpp, line 256]
Event: 0.991 Thread 0x0000000124ac9e00 Exception <a 'java/lang/ClassNotFoundException'{0x000000070f7c5808}: jdk/jfr/internal/handlers/EventHandler1738_1688451567757-1594> (0x000000070f7c5808) 
thrown [src/hotspot/share/classfile/systemDictionary.cpp, line 256]
Event: 1.033 Thread 0x0000000124ac9e00 Exception <a 'java/lang/NoSuchMethodError'{0x000000070f1bfd68}: 'void java.lang.invoke.DirectMethodHandle$Holder.invokeStatic(java.lang.Object, java.lang.Object, int)'> (0x000000070f1bfd68) 
thrown [src/hotspot/share/interpreter/linkResolver.cpp, line 759]
Event: 1.033 Thread 0x0000000124ac9e00 Exception <a 'java/lang/NoSuchMethodError'{0x000000070f1c6490}: 'java.lang.Object java.lang.invoke.DirectMethodHandle$Holder.newInvokeSpecial(java.lang.Object, java.lang.Object, int)'> (0x000000070f1c6490) 
thrown [src/hotspot/share/interpreter/linkResolver.cpp, line 759]
Event: 1.039 Thread 0x0000000124ac9e00 Exception <a 'java/lang/NoSuchMethodError'{0x000000070f1f6958}: 'void java.lang.invoke.DirectMethodHandle$Holder.invokeSpecial(java.lang.Object, java.lang.Object, java.lang.Object)'> (0x000000070f1f6958) 
thrown [src/hotspot/share/interpreter/linkResolver.cpp, line 759]
Event: 1.064 Thread 0x0000000124ac9e00 Exception <a 'java/lang/NoSuchMethodError'{0x000000070ea1af08}: 'java.lang.Object java.lang.invoke.DirectMethodHandle$Holder.invokeStaticInit(java.lang.Object, int)'> (0x000000070ea1af08) 
thrown [src/hotspot/share/interpreter/linkResolver.cpp, line 759]
Event: 1.068 Thread 0x0000000124ac9e00 Exception <a 'java/lang/NoSuchMethodError'{0x000000070ea5c118}: 'java.lang.Object java.lang.invoke.DirectMethodHandle$Holder.invokeInterface(java.lang.Object, java.lang.Object)'> (0x000000070ea5c118) 
thrown [src/hotspot/share/interpreter/linkResolver.cpp, line 759]

VM Operations (20 events):
Event: 0.874 Executing VM operation: HandshakeAllThreads
Event: 0.874 Executing VM operation: HandshakeAllThreads done
Event: 0.967 Executing VM operation: ICBufferFull
Event: 0.967 Executing VM operation: ICBufferFull done
Event: 1.006 Executing VM operation: ICBufferFull
Event: 1.006 Executing VM operation: ICBufferFull done
Event: 1.031 Executing VM operation: RedefineClasses
Event: 1.033 Executing VM operation: RedefineClasses done
Event: 1.035 Executing VM operation: HandshakeAllThreads
Event: 1.035 Executing VM operation: HandshakeAllThreads done
Event: 1.038 Executing VM operation: HandshakeAllThreads
Event: 1.038 Executing VM operation: HandshakeAllThreads done
Event: 1.047 Executing VM operation: JFRCheckpoint
Event: 1.047 Executing VM operation: JFRCheckpoint done
Event: 1.048 Executing VM operation: JFROldObject
Event: 1.048 Executing VM operation: JFROldObject done
Event: 1.053 Executing VM operation: RedefineClasses
Event: 1.055 Executing VM operation: RedefineClasses done
Event: 1.056 Executing VM operation: ClassLoaderStatsOperation
Event: 1.056 Executing VM operation: ClassLoaderStatsOperation done

Events (20 events):
Event: 1.067 loading class jdk/internal/reflect/SerializationConstructorAccessorImpl
Event: 1.067 loading class jdk/internal/reflect/SerializationConstructorAccessorImpl done
Event: 1.067 loading class java/io/ObjectOutputStream
Event: 1.067 loading class java/io/ObjectOutput
Event: 1.067 loading class java/io/ObjectOutput done
Event: 1.067 loading class java/io/ObjectStreamConstants
Event: 1.067 loading class java/io/ObjectStreamConstants done
Event: 1.067 loading class java/io/ObjectOutputStream done
Event: 1.067 loading class java/io/ObjectInputStream
Event: 1.067 loading class java/io/ObjectInput
Event: 1.067 loading class java/io/ObjectInput done
Event: 1.067 loading class java/io/ObjectInputStream done
Event: 1.068 loading class java/io/ClassCache$CacheRef
Event: 1.068 loading class java/io/ClassCache$CacheRef done
Event: 1.068 loading class java/io/ObjectStreamClass$FieldReflectorKey
Event: 1.068 loading class java/io/ObjectStreamClass$FieldReflectorKey done
Event: 1.068 loading class java/io/ObjectStreamClass$FieldReflector
Event: 1.068 loading class java/io/ObjectStreamClass$FieldReflector done
Event: 1.069 loading class java/io/StringWriter
Event: 1.069 loading class java/io/StringWriter done


Dynamic libraries:
0x00000001a5f6c000 	/usr/lib/libz.1.dylib
0x0000000102d28000 	/Library/Java/JavaVirtualMachines/temurin-17.jdk/Contents/Home/lib/libjli.dylib
0x00000001b0495000 	/System/Library/Frameworks/Cocoa.framework/Versions/A/Cocoa
0x000000019e3ae000 	/System/Library/Frameworks/Security.framework/Versions/A/Security
0x00000001ae801000 	/System/Library/Frameworks/ApplicationServices.framework/Versions/A/ApplicationServices
0x00000001a6012000 	/usr/lib/libSystem.B.dylib
0x00000001a600c000 	/usr/lib/system/libcache.dylib
0x00000001a5fcb000 	/usr/lib/system/libcommonCrypto.dylib
0x00000001a5ff5000 	/usr/lib/system/libcompiler_rt.dylib
0x00000001a5fec000 	/usr/lib/system/libcopyfile.dylib
0x000000019c324000 	/usr/lib/system/libcorecrypto.dylib
0x000000019c3c4000 	/usr/lib/system/libdispatch.dylib
0x000000019c57d000 	/usr/lib/system/libdyld.dylib
0x00000001a6002000 	/usr/lib/system/libkeymgr.dylib
0x00000001a9431000 	/usr/lib/system/liblaunch.dylib
0x00000001a5fad000 	/usr/lib/system/libmacho.dylib
0x00000001a581f000 	/usr/lib/system/libquarantine.dylib
0x00000001a5fff000 	/usr/lib/system/libremovefile.dylib
0x00000001a0e0e000 	/usr/lib/system/libsystem_asl.dylib
0x000000019c2d2000 	/usr/lib/system/libsystem_blocks.dylib
0x000000019c446000 	/usr/lib/system/libsystem_c.dylib
0x00000001a5ff9000 	/usr/lib/system/libsystem_collections.dylib
0x00000001a4e59000 	/usr/lib/system/libsystem_configuration.dylib
0x00000001a41db000 	/usr/lib/system/libsystem_containermanager.dylib
0x00000001a5d82000 	/usr/lib/system/libsystem_coreservices.dylib
0x000000019e987000 	/usr/lib/system/libsystem_darwin.dylib
0x00000001a6003000 	/usr/lib/system/libsystem_dnssd.dylib
0x000000019c443000 	/usr/lib/system/libsystem_featureflags.dylib
0x000000019c5c6000 	/usr/lib/system/libsystem_info.dylib
0x00000001a5f7e000 	/usr/lib/system/libsystem_m.dylib
0x000000019c398000 	/usr/lib/system/libsystem_malloc.dylib
0x00000001a0da9000 	/usr/lib/system/libsystem_networkextension.dylib
0x000000019edca000 	/usr/lib/system/libsystem_notify.dylib
0x00000001ab8e5000 	/usr/lib/system/libsystem_product_info_filter.dylib
0x00000001a4e5e000 	/usr/lib/system/libsystem_sandbox.dylib
0x00000001a5ffc000 	/usr/lib/system/libsystem_secinit.dylib
0x000000019c53c000 	/usr/lib/system/libsystem_kernel.dylib
0x000000019c5bf000 	/usr/lib/system/libsystem_platform.dylib
0x000000019c570000 	/usr/lib/system/libsystem_pthread.dylib
0x00000001a237f000 	/usr/lib/system/libsystem_symptoms.dylib
0x000000019c30c000 	/usr/lib/system/libsystem_trace.dylib
0x00000001a5fd9000 	/usr/lib/system/libunwind.dylib
0x000000019c2d4000 	/usr/lib/system/libxpc.dylib
0x000000019c524000 	/usr/lib/libc++abi.dylib
0x000000019c409000 	/usr/lib/libobjc.A.dylib
0x00000001a5fe4000 	/usr/lib/liboah.dylib
0x000000019c4c8000 	/usr/lib/libc++.1.dylib
0x000000019c5f2000 	/System/Library/Frameworks/CoreFoundation.framework/Versions/A/CoreFoundation
0x000000019d3ba000 	/System/Library/Frameworks/Foundation.framework/Versions/C/Foundation
0x000000019ee24000 	/System/Library/Frameworks/AppKit.framework/Versions/C/AppKit
0x00000001a1c48000 	/System/Library/Frameworks/CoreData.framework/Versions/A/CoreData
0x000000019fb66000 	/System/Library/PrivateFrameworks/UIFoundation.framework/Versions/A/UIFoundation
0x00000001ab677000 	/System/Library/PrivateFrameworks/RemoteViewServices.framework/Versions/A/RemoteViewServices
0x00000001a488c000 	/System/Library/PrivateFrameworks/XCTTargetBootstrap.framework/Versions/A/XCTTargetBootstrap
0x00000001a71cd000 	/usr/lib/libspindump.dylib
0x000000019fd8d000 	/System/Library/Frameworks/UniformTypeIdentifiers.framework/Versions/A/UniformTypeIdentifiers
0x00000001a2e74000 	/usr/lib/libapp_launch_measurement.dylib
0x00000001a2e77000 	/System/Library/PrivateFrameworks/CoreAutoLayout.framework/Versions/A/CoreAutoLayout
0x00000001a4209000 	/System/Library/Frameworks/Metal.framework/Versions/A/Metal
0x00000001a4e69000 	/usr/lib/liblangid.dylib
0x00000001a4890000 	/System/Library/PrivateFrameworks/CoreSVG.framework/Versions/A/CoreSVG
0x00000001a0e40000 	/System/Library/PrivateFrameworks/SkyLight.framework/Versions/A/SkyLight
0x00000001a11af000 	/System/Library/Frameworks/CoreGraphics.framework/Versions/A/CoreGraphics
0x00000001abb97000 	/System/Library/Frameworks/Accelerate.framework/Versions/A/Accelerate
0x00000001a6c27000 	/System/Library/PrivateFrameworks/IconServices.framework/Versions/A/IconServices
0x00000001a41ed000 	/System/Library/Frameworks/IOSurface.framework/Versions/A/IOSurface
0x00000001a2517000 	/usr/lib/libDiagnosticMessagesClient.dylib
0x00000001a4874000 	/System/Library/PrivateFrameworks/DFRFoundation.framework/Versions/A/DFRFoundation
0x000000019e715000 	/usr/lib/libicucore.A.dylib
0x00000001a871b000 	/System/Library/Frameworks/AudioToolbox.framework/Versions/A/AudioToolbox
0x00000001a792e000 	/System/Library/PrivateFrameworks/DataDetectorsCore.framework/Versions/A/DataDetectorsCore
0x00000001a0dbb000 	/usr/lib/libMobileGestalt.dylib
0x00000001a4569000 	/System/Library/Frameworks/Carbon.framework/Versions/A/Frameworks/HIToolbox.framework/Versions/A/HIToolbox
0x00000001a2912000 	/System/Library/Frameworks/QuartzCore.framework/Versions/A/QuartzCore
0x00000001ab6af000 	/System/Library/Frameworks/Carbon.framework/Versions/A/Frameworks/SpeechRecognition.framework/Versions/A/SpeechRecognition
0x00000001a2c12000 	/System/Library/PrivateFrameworks/CoreUI.framework/Versions/A/CoreUI
0x000000019dd93000 	/System/Library/Frameworks/CoreAudio.framework/Versions/A/CoreAudio
0x00000001a2600000 	/System/Library/Frameworks/DiskArbitration.framework/Versions/A/DiskArbitration
0x00000001a7580000 	/System/Library/PrivateFrameworks/MultitouchSupport.framework/Versions/A/MultitouchSupport
0x00000001a7925000 	/System/Library/PrivateFrameworks/InternationalSupport.framework/Versions/A/InternationalSupport
0x00000001a0db9000 	/usr/lib/libenergytrace.dylib
0x000000019ecfe000 	/System/Library/Frameworks/IOKit.framework/Versions/A/IOKit
0x00000001ab9da000 	/System/Library/Frameworks/CoreServices.framework/Versions/A/CoreServices
0x00000001a2e0a000 	/System/Library/PrivateFrameworks/PerformanceAnalysis.framework/Versions/A/PerformanceAnalysis
0x00000001de639000 	/System/Library/Frameworks/OpenGL.framework/Versions/A/OpenGL
0x00000001a79a3000 	/System/Library/PrivateFrameworks/UserActivity.framework/Versions/A/UserActivity
0x00000001a179d000 	/System/Library/Frameworks/ColorSync.framework/Versions/A/ColorSync
0x00000001a4adb000 	/System/Library/Frameworks/CoreImage.framework/Versions/A/CoreImage
0x000000019dbc3000 	/System/Library/Frameworks/CoreText.framework/Versions/A/CoreText
0x00000001a48bb000 	/System/Library/Frameworks/ImageIO.framework/Versions/A/ImageIO
0x00000001a6018000 	/System/Library/PrivateFrameworks/SoftLinking.framework/Versions/A/SoftLinking
0x00000001a2eba000 	/usr/lib/libxml2.2.dylib
0x00000001a6298000 	/usr/lib/libcompression.dylib
0x00000001a7871000 	/System/Library/PrivateFrameworks/TextureIO.framework/Versions/A/TextureIO
0x00000001a6983000 	/usr/lib/libate.dylib
0x00000001a67cc000 	/usr/lib/liblzma.5.dylib
0x000000019d0cf000 	/System/Library/Frameworks/SystemConfiguration.framework/Versions/A/SystemConfiguration
0x00000001a6014000 	/usr/lib/libfakelink.dylib
0x00000001a0920000 	/System/Library/Frameworks/CFNetwork.framework/Versions/A/CFNetwork
0x00000001a615e000 	/usr/lib/libarchive.2.dylib
0x000000019d157000 	/usr/lib/libCRFSuite.dylib
0x00000001a5849000 	/usr/lib/libbsm.0.dylib
0x00000001a01d7000 	/usr/lib/libnetwork.dylib
0x00000001a6019000 	/usr/lib/libpcap.A.dylib
0x00000001a2377000 	/usr/lib/libdns_services.dylib
0x00000001a67e5000 	/usr/lib/libcoretls_cfhelpers.dylib
0x00000001a6267000 	/usr/lib/libapple_nghttp2.dylib
0x00000001a5fb3000 	/usr/lib/system/libkxld.dylib
0x00000001a2008000 	/usr/lib/libsqlite3.dylib
0x00000001a5d65000 	/System/Library/PrivateFrameworks/AppleFSCompression.framework/Versions/A/AppleFSCompression
0x00000001a5832000 	/usr/lib/libcoretls.dylib
0x00000001a6293000 	/usr/lib/libpam.2.dylib
0x00000001a68cc000 	/usr/lib/libxar.1.dylib
0x00000001a4e65000 	/System/Library/PrivateFrameworks/AppleSystemInfo.framework/Versions/A/AppleSystemInfo
0x00000001a5482000 	/System/Library/PrivateFrameworks/IOMobileFramebuffer.framework/Versions/A/IOMobileFramebuffer
0x00000001a5d75000 	/usr/lib/libbz2.1.0.dylib
0x00000001a6055000 	/usr/lib/libiconv.2.dylib
0x00000001a5fac000 	/usr/lib/libcharset.1.dylib
0x00000001a2e43000 	/System/Library/Frameworks/CoreServices.framework/Versions/A/Frameworks/FSEvents.framework/Versions/A/FSEvents
0x000000019e992000 	/System/Library/Frameworks/CoreServices.framework/Versions/A/Frameworks/CarbonCore.framework/Versions/A/CarbonCore
0x00000001a2566000 	/System/Library/Frameworks/CoreServices.framework/Versions/A/Frameworks/Metadata.framework/Versions/A/Metadata
0x00000001a5d87000 	/System/Library/Frameworks/CoreServices.framework/Versions/A/Frameworks/OSServices.framework/Versions/A/OSServices
0x00000001a61cf000 	/System/Library/Frameworks/CoreServices.framework/Versions/A/Frameworks/SearchKit.framework/Versions/A/SearchKit
0x00000001a2303000 	/System/Library/Frameworks/CoreServices.framework/Versions/A/Frameworks/AE.framework/Versions/A/AE
0x000000019caa1000 	/System/Library/Frameworks/CoreServices.framework/Versions/A/Frameworks/LaunchServices.framework/Versions/A/LaunchServices
0x00000001a6779000 	/System/Library/Frameworks/CoreServices.framework/Versions/A/Frameworks/DictionaryServices.framework/Versions/A/DictionaryServices
0x00000001a2e50000 	/System/Library/Frameworks/CoreServices.framework/Versions/A/Frameworks/SharedFileList.framework/Versions/A/SharedFileList
0x00000001a5822000 	/usr/lib/libCheckFix.dylib
0x00000001a0e26000 	/System/Library/PrivateFrameworks/TCC.framework/Versions/A/TCC
0x00000001a4e6b000 	/System/Library/PrivateFrameworks/CoreNLP.framework/Versions/A/CoreNLP
0x00000001a251a000 	/System/Library/PrivateFrameworks/MetadataUtilities.framework/Versions/A/MetadataUtilities
0x000000019d18b000 	/usr/lib/libmecabra.dylib
0x00000001a5b08000 	/System/Library/Frameworks/MLCompute.framework/Versions/A/MLCompute
0x00000001a585a000 	/usr/lib/libmecab.dylib
0x00000001a58a0000 	/usr/lib/libgermantok.dylib
0x00000001a6240000 	/usr/lib/libThaiTokenizer.dylib
0x00000001a6908000 	/usr/lib/libChineseTokenizer.dylib
0x00000001a6291000 	/System/Library/Frameworks/MetalPerformanceShaders.framework/Versions/A/MetalPerformanceShaders
0x00000001a2607000 	/System/Library/Frameworks/Accelerate.framework/Versions/A/Frameworks/vImage.framework/Versions/A/vImage
0x00000001ab9b8000 	/System/Library/Frameworks/Accelerate.framework/Versions/A/Frameworks/vecLib.framework/Versions/A/vecLib
0x00000001a6913000 	/System/Library/Frameworks/Accelerate.framework/Versions/A/Frameworks/vecLib.framework/Versions/A/libvMisc.dylib
0x00000001a53c0000 	/System/Library/Frameworks/Accelerate.framework/Versions/A/Frameworks/vecLib.framework/Versions/A/libvDSP.dylib
0x000000019cdb5000 	/System/Library/Frameworks/Accelerate.framework/Versions/A/Frameworks/vecLib.framework/Versions/A/libBLAS.dylib
0x00000001a62bc000 	/System/Library/Frameworks/Accelerate.framework/Versions/A/Frameworks/vecLib.framework/Versions/A/libLAPACK.dylib
0x00000001a58a5000 	/System/Library/Frameworks/Accelerate.framework/Versions/A/Frameworks/vecLib.framework/Versions/A/libLinearAlgebra.dylib
0x00000001a627e000 	/System/Library/Frameworks/Accelerate.framework/Versions/A/Frameworks/vecLib.framework/Versions/A/libSparseBLAS.dylib
0x00000001a62b7000 	/System/Library/Frameworks/Accelerate.framework/Versions/A/Frameworks/vecLib.framework/Versions/A/libQuadrature.dylib
0x00000001a4f01000 	/System/Library/Frameworks/Accelerate.framework/Versions/A/Frameworks/vecLib.framework/Versions/A/libBNNS.dylib
0x000000019d06b000 	/System/Library/Frameworks/Accelerate.framework/Versions/A/Frameworks/vecLib.framework/Versions/A/libSparse.dylib
0x00000001a4df4000 	/System/Library/Frameworks/MetalPerformanceShaders.framework/Versions/A/Frameworks/MPSCore.framework/Versions/A/MPSCore
0x00000001a5cdd000 	/System/Library/Frameworks/MetalPerformanceShaders.framework/Versions/A/Frameworks/MPSImage.framework/Versions/A/MPSImage
0x00000001a58ba000 	/System/Library/Frameworks/MetalPerformanceShaders.framework/Versions/A/Frameworks/MPSNeuralNetwork.framework/Versions/A/MPSNeuralNetwork
0x00000001a5c5b000 	/System/Library/Frameworks/MetalPerformanceShaders.framework/Versions/A/Frameworks/MPSMatrix.framework/Versions/A/MPSMatrix
0x00000001a5abe000 	/System/Library/Frameworks/MetalPerformanceShaders.framework/Versions/A/Frameworks/MPSRayIntersector.framework/Versions/A/MPSRayIntersector
0x00000001a5c8a000 	/System/Library/Frameworks/MetalPerformanceShaders.framework/Versions/A/Frameworks/MPSNDArray.framework/Versions/A/MPSNDArray
0x000000019ccda000 	/System/Library/PrivateFrameworks/MetalTools.framework/Versions/A/MetalTools
0x00000001a4e63000 	/System/Library/PrivateFrameworks/AggregateDictionary.framework/Versions/A/AggregateDictionary
0x00000001a24e4000 	/System/Library/PrivateFrameworks/CoreAnalytics.framework/Versions/A/CoreAnalytics
0x00000001a6242000 	/System/Library/PrivateFrameworks/AppleSauce.framework/Versions/A/AppleSauce
0x00000001a41ff000 	/System/Library/PrivateFrameworks/IOAccelerator.framework/Versions/A/IOAccelerator
0x00000001de62c000 	/System/Library/Frameworks/OpenGL.framework/Versions/A/Libraries/libCoreFSCache.dylib
0x000000019d747000 	/System/Library/PrivateFrameworks/LanguageModeling.framework/Versions/A/LanguageModeling
0x00000001a546f000 	/System/Library/PrivateFrameworks/CoreEmoji.framework/Versions/A/CoreEmoji
0x00000001a4ef9000 	/System/Library/PrivateFrameworks/LinguisticData.framework/Versions/A/LinguisticData
0x000000019d020000 	/System/Library/PrivateFrameworks/Lexicon.framework/Versions/A/Lexicon
0x00000001a614b000 	/usr/lib/libcmph.dylib
0x00000001a2e23000 	/System/Library/Frameworks/OpenDirectory.framework/Versions/A/Frameworks/CFOpenDirectory.framework/Versions/A/CFOpenDirectory
0x00000001a2e15000 	/System/Library/Frameworks/OpenDirectory.framework/Versions/A/OpenDirectory
0x00000001a67e7000 	/System/Library/PrivateFrameworks/APFS.framework/Versions/A/APFS
0x00000001a578b000 	/System/Library/Frameworks/SecurityFoundation.framework/Versions/A/SecurityFoundation
0x00000001a68da000 	/usr/lib/libutil.dylib
0x000000019ecc2000 	/System/Library/PrivateFrameworks/CoreServicesStore.framework/Versions/A/CoreServicesStore
0x00000001a5819000 	/System/Library/Frameworks/ServiceManagement.framework/Versions/A/ServiceManagement
0x00000001a68de000 	/usr/lib/libxslt.1.dylib
0x00000001a580f000 	/System/Library/PrivateFrameworks/BackgroundTaskManagement.framework/Versions/A/BackgroundTaskManagement
0x00000001a77c0000 	/System/Library/Frameworks/ImageIO.framework/Versions/A/Resources/libRadiance.dylib
0x00000001a77c9000 	/System/Library/Frameworks/ImageIO.framework/Versions/A/Resources/libJPEG.dylib
0x00000001a771d000 	/System/Library/Frameworks/ImageIO.framework/Versions/A/Resources/libPng.dylib
0x00000001a773f000 	/System/Library/Frameworks/ImageIO.framework/Versions/A/Resources/libTIFF.dylib
0x00000001a781a000 	/System/Library/Frameworks/ImageIO.framework/Versions/A/Resources/libGIF.dylib
0x00000001a749a000 	/System/Library/Frameworks/ImageIO.framework/Versions/A/Resources/libJP2.dylib
0x00000001a6bf0000 	/usr/lib/libexpat.1.dylib
0x00000001a7456000 	/System/Library/PrivateFrameworks/AppleJPEG.framework/Versions/A/AppleJPEG
0x00000001a4410000 	/System/Library/PrivateFrameworks/FontServices.framework/libFontParser.dylib
0x00000001a22b5000 	/System/Library/PrivateFrameworks/RunningBoardServices.framework/Versions/A/RunningBoardServices
0x00000001b09cc000 	/System/Library/PrivateFrameworks/IOSurfaceAccelerator.framework/Versions/A/IOSurfaceAccelerator
0x00000001a757c000 	/System/Library/PrivateFrameworks/WatchdogClient.framework/Versions/A/WatchdogClient
0x000000019d837000 	/System/Library/Frameworks/CoreDisplay.framework/Versions/A/CoreDisplay
0x00000001a4318000 	/System/Library/Frameworks/CoreMedia.framework/Versions/A/CoreMedia
0x00000001a2fa7000 	/System/Library/Frameworks/CoreVideo.framework/Versions/A/CoreVideo
0x00000001a75b9000 	/System/Library/Frameworks/VideoToolbox.framework/Versions/A/VideoToolbox
0x00000001a2232000 	/System/Library/PrivateFrameworks/BaseBoard.framework/Versions/A/BaseBoard
0x00000001a6d2e000 	/System/Library/PrivateFrameworks/PersistentConnection.framework/Versions/A/PersistentConnection
0x00000001a1ff1000 	/System/Library/PrivateFrameworks/ProtocolBuffer.framework/Versions/A/ProtocolBuffer
0x00000001a221b000 	/System/Library/PrivateFrameworks/CommonUtilities.framework/Versions/A/CommonUtilities
0x00000001a741b000 	/System/Library/PrivateFrameworks/Bom.framework/Versions/A/Bom
0x00000001a77bb000 	/System/Library/PrivateFrameworks/GPUWrangler.framework/Versions/A/GPUWrangler
0x00000001a779c000 	/System/Library/PrivateFrameworks/IOPresentment.framework/Versions/A/IOPresentment
0x00000001a77c3000 	/System/Library/PrivateFrameworks/DSExternalDisplay.framework/Versions/A/DSExternalDisplay
0x00000001a781f000 	/System/Library/PrivateFrameworks/CMCaptureCore.framework/Versions/A/CMCaptureCore
0x00000001a71b6000 	/System/Library/PrivateFrameworks/AppServerSupport.framework/Versions/A/AppServerSupport
0x00000001a91eb000 	/System/Library/PrivateFrameworks/perfdata.framework/Versions/A/perfdata
0x00000001a577b000 	/System/Library/PrivateFrameworks/AssertionServices.framework/Versions/A/AssertionServices
0x000000019d95a000 	/System/Library/PrivateFrameworks/AudioToolboxCore.framework/Versions/A/AudioToolboxCore
0x00000001a42f8000 	/System/Library/PrivateFrameworks/caulk.framework/Versions/A/caulk
0x00000001b8019000 	/System/Library/PrivateFrameworks/SystemPolicy.framework/Versions/A/SystemPolicy
0x00000001a6a15000 	/usr/lib/libIOReport.dylib
0x00000001a8a87000 	/usr/lib/libSMC.dylib
0x00000001a76ea000 	/usr/lib/libAudioToolboxUtility.dylib
0x00000001b89a6000 	/usr/lib/libmis.dylib
0x00000001de68e000 	/System/Library/Frameworks/OpenGL.framework/Versions/A/Libraries/libGLU.dylib
0x00000001de64c000 	/System/Library/Frameworks/OpenGL.framework/Versions/A/Libraries/libGFXShared.dylib
0x00000001de834000 	/System/Library/Frameworks/OpenGL.framework/Versions/A/Libraries/libGL.dylib
0x00000001de655000 	/System/Library/Frameworks/OpenGL.framework/Versions/A/Libraries/libGLImage.dylib
0x00000001de649000 	/System/Library/Frameworks/OpenGL.framework/Versions/A/Libraries/libCVMSPluginSupport.dylib
0x00000001de633000 	/System/Library/Frameworks/OpenGL.framework/Versions/A/Libraries/libCoreVMClient.dylib
0x00000001af506000 	/System/Library/PrivateFrameworks/ASEProcessing.framework/Versions/A/ASEProcessing
0x00000001a6d55000 	/System/Library/PrivateFrameworks/GraphVisualizer.framework/Versions/A/GraphVisualizer
0x00000001a6d63000 	/System/Library/PrivateFrameworks/FaceCore.framework/Versions/A/FaceCore
0x00000001a7176000 	/System/Library/PrivateFrameworks/OTSVG.framework/Versions/A/OTSVG
0x00000001a2bd0000 	/System/Library/Frameworks/ApplicationServices.framework/Versions/A/Frameworks/ATS.framework/Versions/A/Resources/libFontRegistry.dylib
0x00000001a71be000 	/System/Library/PrivateFrameworks/FontServices.framework/libhvf.dylib
0x00000001de9cf000 	/System/Library/Frameworks/OpenCL.framework/Versions/A/OpenCL
0x00000001a6ba4000 	/System/Library/PrivateFrameworks/AppleVA.framework/Versions/A/AppleVA
0x00000001a88d3000 	/System/Library/Frameworks/ApplicationServices.framework/Versions/A/Frameworks/ATS.framework/Versions/A/ATS
0x00000001a8be6000 	/System/Library/Frameworks/ApplicationServices.framework/Versions/A/Frameworks/ColorSyncLegacy.framework/Versions/A/ColorSyncLegacy
0x00000001a1893000 	/System/Library/Frameworks/ApplicationServices.framework/Versions/A/Frameworks/HIServices.framework/Versions/A/HIServices
0x00000001a8bc5000 	/System/Library/Frameworks/ApplicationServices.framework/Versions/A/Frameworks/LangAnalysis.framework/Versions/A/LangAnalysis
0x00000001a7829000 	/System/Library/Frameworks/ApplicationServices.framework/Versions/A/Frameworks/PrintCore.framework/Versions/A/PrintCore
0x00000001a8bee000 	/System/Library/Frameworks/ApplicationServices.framework/Versions/A/Frameworks/QD.framework/Versions/A/QD
0x00000001a88bf000 	/System/Library/Frameworks/ApplicationServices.framework/Versions/A/Frameworks/SpeechSynthesis.framework/Versions/A/SpeechSynthesis
0x00000001a77ea000 	/System/Library/Frameworks/ApplicationServices.framework/Versions/A/Frameworks/ATSUI.framework/Versions/A/ATSUI
0x00000001a8b67000 	/usr/lib/libcups.2.dylib
0x00000001a8bd9000 	/System/Library/PrivateFrameworks/NetAuth.framework/Versions/A/NetAuth
0x00000001a9205000 	/System/Library/Frameworks/Kerberos.framework/Versions/A/Kerberos
0x00000001a9216000 	/System/Library/Frameworks/GSS.framework/Versions/A/GSS
0x00000001a8942000 	/usr/lib/libresolv.9.dylib
0x00000001a71d4000 	/System/Library/PrivateFrameworks/Heimdal.framework/Versions/A/Heimdal
0x00000001aeaf1000 	/System/Library/Frameworks/Kerberos.framework/Versions/A/Libraries/libHeimdalProxy.dylib
0x00000001a2387000 	/System/Library/Frameworks/Network.framework/Versions/A/Network
0x00000001a6c0b000 	/usr/lib/libheimdal-asn1.dylib
0x00000001a925e000 	/System/Library/PrivateFrameworks/CommonAuth.framework/Versions/A/CommonAuth
0x00000001a2ffb000 	/System/Library/PrivateFrameworks/login.framework/Versions/A/Frameworks/loginsupport.framework/Versions/A/loginsupport
0x00000001a8844000 	/System/Library/PrivateFrameworks/AudioSession.framework/Versions/A/AudioSession
0x00000001a88ac000 	/usr/lib/libAudioStatistics.dylib
0x00000001a6c8b000 	/System/Library/PrivateFrameworks/MediaExperience.framework/Versions/A/MediaExperience
0x00000001a86e5000 	/System/Library/PrivateFrameworks/AudioSession.framework/libSessionUtility.dylib
0x00000001a91f7000 	/usr/lib/libperfcheck.dylib
0x00000001a8bfa000 	/System/Library/PrivateFrameworks/AudioResourceArbitration.framework/Versions/A/AudioResourceArbitration
0x00000001a6c14000 	/System/Library/PrivateFrameworks/IconFoundation.framework/Versions/A/IconFoundation
0x00000001ab69f000 	/System/Library/PrivateFrameworks/SpeechRecognitionCore.framework/Versions/A/SpeechRecognitionCore
0x00000001d7f7e000 	/System/Library/CoreServices/Encodings/libKoreanConverter.dylib
0x0000000107800000 	/Library/Java/JavaVirtualMachines/temurin-17.jdk/Contents/Home/lib/server/libjvm.dylib
0x0000000102d8c000 	/Library/Java/JavaVirtualMachines/temurin-17.jdk/Contents/Home/lib/libjimage.dylib
0x0000000102da8000 	/Library/Java/JavaVirtualMachines/temurin-17.jdk/Contents/Home/lib/libinstrument.dylib
0x0000000102dc4000 	/Library/Java/JavaVirtualMachines/temurin-17.jdk/Contents/Home/lib/libjava.dylib
0x0000000102df8000 	/private/var/folders/2z/clzx_g453jsdhth2xpd940_80000gn/T/libasyncProfiler.so
0x0000000110aac000 	/Library/Java/JavaVirtualMachines/temurin-17.jdk/Contents/Home/lib/libzip.dylib
0x0000000110ac4000 	/Library/Java/JavaVirtualMachines/temurin-17.jdk/Contents/Home/lib/libnio.dylib
0x0000000113f54000 	/Library/Java/JavaVirtualMachines/temurin-17.jdk/Contents/Home/lib/libnet.dylib
0x0000000110ae4000 	/Library/Java/JavaVirtualMachines/temurin-17.jdk/Contents/Home/lib/libextnet.dylib


VM Arguments:
jvm_args: -ea -Didea.test.cyclic.buffer.size=1048576 -javaagent:/Applications/IntelliJ IDEA.app/Contents/lib/idea_rt.jar=49742:/Applications/IntelliJ IDEA.app/Contents/bin -agentpath:/private/var/folders/2z/clzx_g453jsdhth2xpd940_80000gn/T/libasyncProfiler.so=start,jfr,event=cpu,interval=10ms,jfrsync=profile,cstack=no,file=/Users/leeyoungjun/IdeaSnapshots/MainTest_2023_07_04_151926.jfr,log=/private/var/folders/2z/clzx_g453jsdhth2xpd940_80000gn/T/MainTest_2023_07_04_151926.jfr.log.txt,logLevel=DEBUG -Dfile.encoding=UTF-8 
java_command: com.intellij.rt.junit.JUnitStarter -ideVersion5 -junit5 opm.construct.MainTest
java_class_path (initial): /Users/leeyoungjun/.m2/repository/org/junit/platform/junit-platform-launcher/1.9.1/junit-platform-launcher-1.9.1.jar:/Users/leeyoungjun/.m2/repository/org/junit/platform/junit-platform-engine/1.9.1/junit-platform-engine-1.9.1.jar:/Users/leeyoungjun/.m2/repository/org/opentest4j/opentest4j/1.2.0/opentest4j-1.2.0.jar:/Users/leeyoungjun/.m2/repository/org/junit/platform/junit-platform-commons/1.9.1/junit-platform-commons-1.9.1.jar:/Users/leeyoungjun/.m2/repository/org/apiguardian/apiguardian-api/1.1.2/apiguardian-api-1.1.2.jar:/Applications/IntelliJ IDEA.app/Contents/lib/idea_rt.jar:/Applications/IntelliJ IDEA.app/Contents/plugins/junit/lib/junit5-rt.jar:/Applications/IntelliJ IDEA.app/Contents/plugins/junit/lib/junit-rt.jar:/Users/leeyoungjun/IdeaProjects/gachaV2/out/test/classes:/Users/leeyoungjun/IdeaProjects/gachaV2/out/production/classes:/Users/leeyoungjun/.gradle/caches/modules-2/files-2.1/org.apache.commons/commons-lang3/3.12.0/c6842c86792ff03b9f1d1fe2aab8dc23aa6c6f0e/commons-lang3-3.12.0.jar:/Users/leeyoungjun/.gradle/caches/modules-2/files-2.1/org.junit.jupiter/junit-jupiter/5.9.1/9274d3757e224bc02eae367bd481062a263c150b/junit-jupiter-5.9.1.jar:/Users/leeyoungjun/.gradle/caches/modules-2/files-2.1/org.junit.jupiter/junit-jupiter-params/5.9.1/ffcd1013edaeee112be11fcddeb38882d79238de/junit-jupiter-params-5.9.1.jar:/Users/leeyoungjun/.gradle/caches/modules-2/files-2.1/org.junit.jupiter/junit-jupiter-api/5.9.1/7bb53fbc0173e9f6a9d21d58297af94b1f2f9ce1/junit-jupiter-api-5.9.1.jar:/Users/leeyoungjun/.gradle/caches/modules-2/files-2.1/org.apiguardian/apiguardian-api/1.1.2/a231e0d844d2721b0fa1b238006d15c6ded6842a/apiguardian-api-1.1.2.jar:/Users/leeyoungjun/.gradle/caches/modules-2/files-2.1/org.junit.platform/junit-platform-commons/1.9.1/3145f821b5cd10abcdc5f925baa5fffa6f1b628f/junit-platform-commons-1.9.1.jar:/Users/leeyoungjun/.gradle/caches/modules-2/files-2.1/org.opentest4j/opentest4j/1.2.0/28c11eb91f9b6d8e200631d46e20a7f407f2a046/open
Launcher Type: SUN_STANDARD

[Global flags]
     intx CICompilerCount                          = 4                                         {product} {ergonomic}
     uint ConcGCThreads                            = 2                                         {product} {ergonomic}
     bool FlightRecorder                           = true                                      {product} {management}
     uint G1ConcRefinementThreads                  = 8                                         {product} {ergonomic}
   size_t G1HeapRegionSize                         = 2097152                                   {product} {ergonomic}
    uintx GCDrainStackTargetSize                   = 64                                        {product} {ergonomic}
   size_t InitialHeapSize                          = 268435456                                 {product} {ergonomic}
   size_t MarkStackSize                            = 4194304                                   {product} {ergonomic}
   size_t MaxHeapSize                              = 4294967296                                {product} {ergonomic}
   size_t MaxNewSize                               = 2575302656                                {product} {ergonomic}
   size_t MinHeapDeltaBytes                        = 2097152                                   {product} {ergonomic}
   size_t MinHeapSize                              = 8388608                                   {product} {ergonomic}
    uintx NonNMethodCodeHeapSize                   = 5839564                                {pd product} {ergonomic}
    uintx NonProfiledCodeHeapSize                  = 122909338                              {pd product} {ergonomic}
    uintx ProfiledCodeHeapSize                     = 122909338                              {pd product} {ergonomic}
    uintx ReservedCodeCacheSize                    = 251658240                              {pd product} {ergonomic}
     bool SegmentedCodeCache                       = true                                      {product} {ergonomic}
   size_t SoftMaxHeapSize                          = 4294967296                             {manageable} {ergonomic}
     bool UseCompressedClassPointers               = true                           {product lp64_product} {ergonomic}
     bool UseCompressedOops                        = true                           {product lp64_product} {ergonomic}
     bool UseG1GC                                  = true                                      {product} {ergonomic}
     bool UseNUMA                                  = false                                     {product} {ergonomic}
     bool UseNUMAInterleaving                      = false                                     {product} {ergonomic}

Logging:
Log output configuration:
 #0: stdout all=warning,jni+resolve=error uptime,level,tags (reconfigured)
 #1: stderr all=off uptime,level,tags

Environment Variables:
PATH=/opt/homebrew/bin:/opt/homebrew/sbin:/usr/local/bin:/usr/bin:/bin:/usr/sbin:/sbin:/Library/Apple/usr/bin:/Users/leeyoungjun/.cargo/bin
SHELL=/bin/zsh
LC_CTYPE=ko_KR.UTF-8
TMPDIR=/var/folders/2z/clzx_g453jsdhth2xpd940_80000gn/T/

Active Locale:
LC_ALL=C/ko_KR.UTF-8/C/C/C/C
LC_COLLATE=C
LC_CTYPE=ko_KR.UTF-8
LC_MESSAGES=C
LC_MONETARY=C
LC_NUMERIC=C
LC_TIME=C

Signal Handlers:
   SIGSEGV: crash_handler in libjvm.dylib, mask=11100110000111110111111111111111, flags=SA_RESTART|SA_SIGINFO, unblocked
    SIGBUS: crash_handler in libjvm.dylib, mask=11100110000111110111111111111111, flags=SA_RESTART|SA_SIGINFO, unblocked
    SIGFPE: crash_handler in libjvm.dylib, mask=11100110000111110111111111111111, flags=SA_RESTART|SA_SIGINFO, unblocked
   SIGPIPE: javaSignalHandler in libjvm.dylib, mask=11100110000111110111111111111111, flags=SA_RESTART|SA_SIGINFO, blocked
   SIGXFSZ: javaSignalHandler in libjvm.dylib, mask=11100110000111110111111111111111, flags=SA_RESTART|SA_SIGINFO, blocked
    SIGILL: crash_handler in libjvm.dylib, mask=11100110000111110111111111111111, flags=SA_RESTART|SA_SIGINFO, unblocked
   SIGUSR2: SR_handler in libjvm.dylib, mask=00100000000000000000000000000000, flags=SA_RESTART|SA_SIGINFO, blocked
    SIGHUP: UserHandler in libjvm.dylib, mask=11100110000111110111111111111111, flags=SA_RESTART|SA_SIGINFO, blocked
    SIGINT: UserHandler in libjvm.dylib, mask=11100110000111110111111111111111, flags=SA_RESTART|SA_SIGINFO, blocked
   SIGTERM: UserHandler in libjvm.dylib, mask=11100110000111110111111111111111, flags=SA_RESTART|SA_SIGINFO, blocked
   SIGQUIT: UserHandler in libjvm.dylib, mask=11100110000111110111111111111111, flags=SA_RESTART|SA_SIGINFO, blocked
   SIGTRAP: crash_handler in libjvm.dylib, mask=11100110000111110111111111111111, flags=SA_RESTART|SA_SIGINFO, unblocked


---------------  S Y S T E M  ---------------

OS:
uname: Darwin 20.6.0 Darwin Kernel Version 20.6.0: Mon Aug 30 06:12:20 PDT 2021; root:xnu-7195.141.6~3/RELEASE_ARM64_T8101 arm64
OS uptime: 0 days 2:27 hours
rlimit (soft/hard): STACK 8176k/65520k , CORE 0k/infinity , NPROC 2666/4000 , NOFILE 10240/infinity , AS infinity/infinity , CPU infinity/infinity , DATA infinity/infinity , FSIZE infinity/infinity , MEMLOCK infinity/infinity , RSS infinity/infinity
load average: 1.39 1.41 1.40

CPU: total 8 (initial active 8) 0x61:0x0:0x1b588bb3:0, fp, simd, crc, lse

Memory: 16k page, physical 16777216k(85472k free), swap 0k(0k free)

vm_info: OpenJDK 64-Bit Server VM (17.0.7+7) for bsd-aarch64 JRE (17.0.7+7), built on Apr 18 2023 21:59:39 by "temurin" with clang Apple LLVM 12.0.0 (clang-1200.0.32.29)

END.
